#
# There is insufficient memory for the Java Runtime Environment to continue.
# Native memory allocation (malloc) failed to allocate 1043376 bytes for Chunk::new
# Possible reasons:
#   The system is out of physical RAM or swap space
#   In 32 bit mode, the process size limit was hit
# Possible solutions:
#   Reduce memory load on the system
#   Increase physical memory or swap space
#   Check if swap backing store is full
#   Use 64 bit Java on a 64 bit OS
#   Decrease Java heap size (-Xmx/-Xms)
#   Decrease number of Java threads
#   Decrease Java thread stack sizes (-Xss)
#   Set larger code cache with -XX:ReservedCodeCacheSize=
# This output file may be truncated or incomplete.
#
#  Out of Memory Error (allocation.cpp:390), pid=7356, tid=11328
#
# JRE version: Java(TM) SE Runtime Environment (8.0_60-b27) (build 1.8.0_60-b27)
# Java VM: Java HotSpot(TM) 64-Bit Server VM (25.60-b23 mixed mode windows-amd64 compressed oops)
# Failed to write core dump. Minidumps are not enabled by default on client versions of Windows
#

---------------  T H R E A D  ---------------

Current thread (0x000000001c156000):  JavaThread "C2 CompilerThread1" daemon [_thread_in_native, id=11328, stack(0x000000001c820000,0x000000001c920000)]

Stack: [0x000000001c820000,0x000000001c920000]
[error occurred during error reporting (printing stack bounds), id 0xc0000005]

Native frames: (J=compiled Java code, j=interpreted, Vv=VM code, C=native code)


Current CompileTask:
C2:  17877 3326   !   4       java.net.URL::<init> (543 bytes)


---------------  P R O C E S S  ---------------

Java Threads: ( => current thread )
  0x00000000236c4800 JavaThread "Java2D Disposer" daemon [_thread_blocked, id=2940, stack(0x0000000026d80000,0x0000000026e80000)]
  0x000000002282d000 JavaThread "Abandoned connection cleanup thread" daemon [_thread_blocked, id=12692, stack(0x0000000026a80000,0x0000000026b80000)]
  0x0000000022b2e000 JavaThread "Prism Font Disposer" daemon [_thread_blocked, id=9384, stack(0x0000000025970000,0x0000000025a70000)]
  0x000000001d36e000 JavaThread "Thread-3" daemon [_thread_in_native, id=11292, stack(0x00000000224c0000,0x00000000225c0000)]
  0x000000001d2ab800 JavaThread "JavaFX-Launcher" [_thread_blocked, id=11336, stack(0x00000000225c0000,0x00000000226c0000)]
  0x000000001d232000 JavaThread "JavaFX Application Thread" [_thread_in_Java, id=8880, stack(0x000000001d8f0000,0x000000001d9f0000)]
  0x000000001d231000 JavaThread "Thread-1" daemon [_thread_blocked, id=7940, stack(0x000000001d7f0000,0x000000001d8f0000)]
  0x000000001d202000 JavaThread "QuantumRenderer-0" daemon [_thread_blocked, id=14876, stack(0x000000001d520000,0x000000001d620000)]
  0x000000001c1e5800 JavaThread "Service Thread" daemon [_thread_blocked, id=14136, stack(0x000000001cb20000,0x000000001cc20000)]
  0x000000001c15f000 JavaThread "C1 CompilerThread3" daemon [_thread_blocked, id=12612, stack(0x000000001ca20000,0x000000001cb20000)]
  0x000000001c15e000 JavaThread "C2 CompilerThread2" daemon [_thread_blocked, id=11432, stack(0x000000001c920000,0x000000001ca20000)]
=>0x000000001c156000 JavaThread "C2 CompilerThread1" daemon [_thread_in_native, id=11328, stack(0x000000001c820000,0x000000001c920000)]
  0x000000001c152000 JavaThread "C2 CompilerThread0" daemon [_thread_in_native, id=2916, stack(0x000000001c720000,0x000000001c820000)]
  0x000000001c14f800 JavaThread "Attach Listener" daemon [_thread_blocked, id=2744, stack(0x000000001c620000,0x000000001c720000)]
  0x000000001c14e800 JavaThread "Signal Dispatcher" daemon [_thread_blocked, id=7300, stack(0x000000001c520000,0x000000001c620000)]
  0x0000000002bbd000 JavaThread "Finalizer" daemon [_thread_blocked, id=14196, stack(0x000000001bef0000,0x000000001bff0000)]
  0x000000001a00d000 JavaThread "Reference Handler" daemon [_thread_blocked, id=10092, stack(0x000000001bdf0000,0x000000001bef0000)]
  0x0000000002ac4800 JavaThread "main" [_thread_blocked, id=1256, stack(0x00000000029c0000,0x0000000002ac0000)]

Other Threads:
  0x000000001a009000 VMThread [stack: 0x000000001bcf0000,0x000000001bdf0000] [id=9832]
  0x000000001c212000 WatcherThread [stack: 0x000000001cc20000,0x000000001cd20000] [id=3296]

VM state:not at safepoint (normal execution)

VM Mutex/Monitor currently owned by a thread: None

Heap:
 PSYoungGen      total 56832K, used 25911K [0x0000000780d80000, 0x0000000784c80000, 0x00000007c0000000)
  eden space 49152K, 38% used [0x0000000780d80000,0x0000000781ff4f80,0x0000000783d80000)
  from space 7680K, 91% used [0x0000000784500000,0x0000000784bd8d08,0x0000000784c80000)
  to   space 7680K, 0% used [0x0000000783d80000,0x0000000783d80000,0x0000000784500000)
 ParOldGen       total 193024K, used 92886K [0x0000000702800000, 0x000000070e480000, 0x0000000780d80000)
  object space 193024K, 48% used [0x0000000702800000,0x00000007082b59c0,0x000000070e480000)
 Metaspace       used 23853K, capacity 24800K, committed 24960K, reserved 1071104K
  class space    used 3134K, capacity 3363K, committed 3456K, reserved 1048576K

Card table byte_map: [0x0000000011f80000,0x0000000012570000] byte_map_base: 0x000000000e76c000

Marking Bits: (ParMarkBitMap*) 0x000000006e18a5b0
 Begin Bits: [0x0000000013170000, 0x00000000160d0000)
 End Bits:   [0x00000000160d0000, 0x0000000019030000)

Polling page: 0x0000000000c60000

CodeCache: size=245760Kb used=10682Kb max_used=10691Kb free=235078Kb
 bounds [0x0000000002bc0000, 0x0000000003640000, 0x0000000011bc0000]
 total_blobs=4120 nmethods=3298 adapters=734
 compilation: enabled

Compilation events (10 events):
Event: 17.861 Thread 0x000000001c15f000 3330       3       java.lang.StringBuilder::append (6 bytes)
Event: 17.861 Thread 0x000000001c15f000 nmethod 3330 0x000000000362d310 code [0x000000000362d480, 0x000000000362d6e8]
Event: 17.861 Thread 0x000000001c15f000 3331       3       java.lang.Class::cast (27 bytes)
Event: 17.861 Thread 0x000000001c15f000 nmethod 3331 0x000000000362cd10 code [0x000000000362cea0, 0x000000000362d218]
Event: 17.861 Thread 0x000000001c15e000 3332       4       sun.reflect.ClassFileAssembler::emitShort (24 bytes)
Event: 17.862 Thread 0x000000001c15f000 3333   !   3       java.lang.Class::newInstance (155 bytes)
Event: 17.863 Thread 0x000000001c15f000 nmethod 3333 0x0000000003633050 code [0x0000000003633360, 0x0000000003634858]
Event: 17.864 Thread 0x000000001c15e000 nmethod 3332 0x000000000362c5d0 code [0x000000000362c740, 0x000000000362c998]
Event: 17.873 Thread 0x000000001c15f000 3334       3       java.io.InputStream::skip (70 bytes)
Event: 17.873 Thread 0x000000001c15f000 nmethod 3334 0x0000000003637610 code [0x00000000036377a0, 0x0000000003637d68]

GC Heap History (10 events):
Event: 14.507 GC heap before
{Heap before GC invocations=2 (full 0):
 PSYoungGen      total 56832K, used 38817K [0x0000000780d80000, 0x0000000784c80000, 0x00000007c0000000)
  eden space 49152K, 63% used [0x0000000780d80000,0x0000000782be9968,0x0000000783d80000)
  from space 7680K, 99% used [0x0000000783d80000,0x00000007844fec98,0x0000000784500000)
  to   space 7680K, 0% used [0x0000000784500000,0x0000000784500000,0x0000000784c80000)
 ParOldGen       total 130048K, used 3881K [0x0000000702800000, 0x000000070a700000, 0x0000000780d80000)
  object space 130048K, 2% used [0x0000000702800000,0x0000000702bca738,0x000000070a700000)
 Metaspace       used 20553K, capacity 21268K, committed 21296K, reserved 1067008K
  class space    used 2729K, capacity 2929K, committed 2944K, reserved 1048576K
Event: 14.513 GC heap after
Heap after GC invocations=2 (full 0):
 PSYoungGen      total 56832K, used 7649K [0x0000000780d80000, 0x0000000784c80000, 0x00000007c0000000)
  eden space 49152K, 0% used [0x0000000780d80000,0x0000000780d80000,0x0000000783d80000)
  from space 7680K, 99% used [0x0000000784500000,0x0000000784c78540,0x0000000784c80000)
  to   space 7680K, 0% used [0x0000000783d80000,0x0000000783d80000,0x0000000784500000)
 ParOldGen       total 130048K, used 18338K [0x0000000702800000, 0x000000070a700000, 0x0000000780d80000)
  object space 130048K, 14% used [0x0000000702800000,0x00000007039e88c0,0x000000070a700000)
 Metaspace       used 20553K, capacity 21268K, committed 21296K, reserved 1067008K
  class space    used 2729K, capacity 2929K, committed 2944K, reserved 1048576K
}
Event: 14.513 GC heap before
{Heap before GC invocations=3 (full 1):
 PSYoungGen      total 56832K, used 7649K [0x0000000780d80000, 0x0000000784c80000, 0x00000007c0000000)
  eden space 49152K, 0% used [0x0000000780d80000,0x0000000780d80000,0x0000000783d80000)
  from space 7680K, 99% used [0x0000000784500000,0x0000000784c78540,0x0000000784c80000)
  to   space 7680K, 0% used [0x0000000783d80000,0x0000000783d80000,0x0000000784500000)
 ParOldGen       total 130048K, used 18338K [0x0000000702800000, 0x000000070a700000, 0x0000000780d80000)
  object space 130048K, 14% used [0x0000000702800000,0x00000007039e88c0,0x000000070a700000)
 Metaspace       used 20553K, capacity 21268K, committed 21296K, reserved 1067008K
  class space    used 2729K, capacity 2929K, committed 2944K, reserved 1048576K
Event: 14.544 GC heap after
Heap after GC invocations=3 (full 1):
 PSYoungGen      total 56832K, used 0K [0x0000000780d80000, 0x0000000784c80000, 0x00000007c0000000)
  eden space 49152K, 0% used [0x0000000780d80000,0x0000000780d80000,0x0000000783d80000)
  from space 7680K, 0% used [0x0000000784500000,0x0000000784500000,0x0000000784c80000)
  to   space 7680K, 0% used [0x0000000783d80000,0x0000000783d80000,0x0000000784500000)
 ParOldGen       total 86016K, used 19282K [0x0000000702800000, 0x0000000707c00000, 0x0000000780d80000)
  object space 86016K, 22% used [0x0000000702800000,0x0000000703ad4af8,0x0000000707c00000)
 Metaspace       used 20553K, capacity 21268K, committed 21296K, reserved 1067008K
  class space    used 2729K, capacity 2929K, committed 2944K, reserved 1048576K
}
Event: 14.916 GC heap before
{Heap before GC invocations=4 (full 1):
 PSYoungGen      total 56832K, used 48630K [0x0000000780d80000, 0x0000000784c80000, 0x00000007c0000000)
  eden space 49152K, 98% used [0x0000000780d80000,0x0000000783cfd8c8,0x0000000783d80000)
  from space 7680K, 0% used [0x0000000784500000,0x0000000784500000,0x0000000784c80000)
  to   space 7680K, 0% used [0x0000000783d80000,0x0000000783d80000,0x0000000784500000)
 ParOldGen       total 86016K, used 19282K [0x0000000702800000, 0x0000000707c00000, 0x0000000780d80000)
  object space 86016K, 22% used [0x0000000702800000,0x0000000703ad4af8,0x0000000707c00000)
 Metaspace       used 23033K, capacity 23804K, committed 24064K, reserved 1071104K
  class space    used 3030K, capacity 3231K, committed 3328K, reserved 1048576K
Event: 14.924 GC heap after
Heap after GC invocations=4 (full 1):
 PSYoungGen      total 56832K, used 7238K [0x0000000780d80000, 0x0000000784c80000, 0x00000007c0000000)
  eden space 49152K, 0% used [0x0000000780d80000,0x0000000780d80000,0x0000000783d80000)
  from space 7680K, 94% used [0x0000000783d80000,0x0000000784491ba0,0x0000000784500000)
  to   space 7680K, 0% used [0x0000000784500000,0x0000000784500000,0x0000000784c80000)
 ParOldGen       total 86016K, used 53083K [0x0000000702800000, 0x0000000707c00000, 0x0000000780d80000)
  object space 86016K, 61% used [0x0000000702800000,0x0000000705bd6c08,0x0000000707c00000)
 Metaspace       used 23033K, capacity 23804K, committed 24064K, reserved 1071104K
  class space    used 3030K, capacity 3231K, committed 3328K, reserved 1048576K
}
Event: 14.924 GC heap before
{Heap before GC invocations=5 (full 2):
 PSYoungGen      total 56832K, used 7238K [0x0000000780d80000, 0x0000000784c80000, 0x00000007c0000000)
  eden space 49152K, 0% used [0x0000000780d80000,0x0000000780d80000,0x0000000783d80000)
  from space 7680K, 94% used [0x0000000783d80000,0x0000000784491ba0,0x0000000784500000)
  to   space 7680K, 0% used [0x0000000784500000,0x0000000784500000,0x0000000784c80000)
 ParOldGen       total 86016K, used 53083K [0x0000000702800000, 0x0000000707c00000, 0x0000000780d80000)
  object space 86016K, 61% used [0x0000000702800000,0x0000000705bd6c08,0x0000000707c00000)
 Metaspace       used 23033K, capacity 23804K, committed 24064K, reserved 1071104K
  class space    used 3030K, capacity 3231K, committed 3328K, reserved 1048576K
Event: 14.975 GC heap after
Heap after GC invocations=5 (full 2):
 PSYoungGen      total 56832K, used 0K [0x0000000780d80000, 0x0000000784c80000, 0x00000007c0000000)
  eden space 49152K, 0% used [0x0000000780d80000,0x0000000780d80000,0x0000000783d80000)
  from space 7680K, 0% used [0x0000000783d80000,0x0000000783d80000,0x0000000784500000)
  to   space 7680K, 0% used [0x0000000784500000,0x0000000784500000,0x0000000784c80000)
 ParOldGen       total 193024K, used 59973K [0x0000000702800000, 0x000000070e480000, 0x0000000780d80000)
  object space 193024K, 31% used [0x0000000702800000,0x0000000706291638,0x000000070e480000)
 Metaspace       used 23033K, capacity 23804K, committed 24064K, reserved 1071104K
  class space    used 3030K, capacity 3231K, committed 3328K, reserved 1048576K
}
Event: 17.756 GC heap before
{Heap before GC invocations=6 (full 2):
 PSYoungGen      total 56832K, used 48646K [0x0000000780d80000, 0x0000000784c80000, 0x00000007c0000000)
  eden space 49152K, 98% used [0x0000000780d80000,0x0000000783d019e0,0x0000000783d80000)
  from space 7680K, 0% used [0x0000000783d80000,0x0000000783d80000,0x0000000784500000)
  to   space 7680K, 0% used [0x0000000784500000,0x0000000784500000,0x0000000784c80000)
 ParOldGen       total 193024K, used 59973K [0x0000000702800000, 0x000000070e480000, 0x0000000780d80000)
  object space 193024K, 31% used [0x0000000702800000,0x0000000706291638,0x000000070e480000)
 Metaspace       used 23769K, capacity 24718K, committed 24960K, reserved 1071104K
  class space    used 3129K, capacity 3360K, committed 3456K, reserved 1048576K
Event: 17.767 GC heap after
Heap after GC invocations=6 (full 2):
 PSYoungGen      total 56832K, used 7011K [0x0000000780d80000, 0x0000000784c80000, 0x00000007c0000000)
  eden space 49152K, 0% used [0x0000000780d80000,0x0000000780d80000,0x0000000783d80000)
  from space 7680K, 91% used [0x0000000784500000,0x0000000784bd8d08,0x0000000784c80000)
  to   space 7680K, 0% used [0x0000000783d80000,0x0000000783d80000,0x0000000784500000)
 ParOldGen       total 193024K, used 92886K [0x0000000702800000, 0x000000070e480000, 0x0000000780d80000)
  object space 193024K, 48% used [0x0000000702800000,0x00000007082b59c0,0x000000070e480000)
 Metaspace       used 23769K, capacity 24718K, committed 24960K, reserved 1071104K
  class space    used 3129K, capacity 3360K, committed 3456K, reserved 1048576K
}

Deoptimization events (10 events):
Event: 15.229 Thread 0x000000001d232000 Uncommon trap: reason=class_check action=maybe_recompile pc=0x0000000003386b7c method=javafx.scene.CssStyleHelper.getStyle(Ljavafx/css/Styleable;Ljava/lang/String;Lcom/sun/javafx/css/StyleMap;Ljava/util/Set;)Lcom/sun/javafx/css/CascadingStyle; @ 140
Event: 15.229 Thread 0x000000001d232000 Uncommon trap: reason=class_check action=maybe_recompile pc=0x0000000003386b7c method=javafx.scene.CssStyleHelper.getStyle(Ljavafx/css/Styleable;Ljava/lang/String;Lcom/sun/javafx/css/StyleMap;Ljava/util/Set;)Lcom/sun/javafx/css/CascadingStyle; @ 140
Event: 15.233 Thread 0x000000001d232000 Uncommon trap: reason=class_check action=maybe_recompile pc=0x000000000339e2a4 method=com.sun.javafx.css.StyleMap.getCascadingStyles()Ljava/util/Map; @ 77
Event: 15.233 Thread 0x000000001d232000 Uncommon trap: reason=class_check action=maybe_recompile pc=0x0000000003386b7c method=javafx.scene.CssStyleHelper.getStyle(Ljavafx/css/Styleable;Ljava/lang/String;Lcom/sun/javafx/css/StyleMap;Ljava/util/Set;)Lcom/sun/javafx/css/CascadingStyle; @ 140
Event: 15.234 Thread 0x000000001d232000 Uncommon trap: reason=class_check action=maybe_recompile pc=0x00000000033a4874 method=javafx.scene.CssStyleHelper.getStyle(Ljavafx/css/Styleable;Ljava/lang/String;Lcom/sun/javafx/css/StyleMap;Ljava/util/Set;)Lcom/sun/javafx/css/CascadingStyle; @ 140
Event: 15.234 Thread 0x000000001d232000 Uncommon trap: reason=class_check action=maybe_recompile pc=0x000000000339e2a4 method=com.sun.javafx.css.StyleMap.getCascadingStyles()Ljava/util/Map; @ 77
Event: 15.246 Thread 0x000000001d232000 Uncommon trap: reason=class_check action=maybe_recompile pc=0x00000000033c66fc method=javafx.scene.Node$MiscProperties.getEffect()Ljavafx/scene/effect/Effect; @ 20
Event: 17.110 Thread 0x000000001d232000 Uncommon trap: reason=class_check action=maybe_recompile pc=0x00000000033c66fc method=javafx.scene.Node$MiscProperties.getEffect()Ljavafx/scene/effect/Effect; @ 20
Event: 17.110 Thread 0x000000001d232000 Uncommon trap: reason=class_check action=maybe_recompile pc=0x00000000033c66fc method=javafx.scene.Node$MiscProperties.getEffect()Ljavafx/scene/effect/Effect; @ 20
Event: 17.111 Thread 0x000000001d232000 Uncommon trap: reason=class_check action=maybe_recompile pc=0x00000000033c66fc method=javafx.scene.Node$MiscProperties.getEffect()Ljavafx/scene/effect/Effect; @ 20

Internal exceptions (10 events):
Event: 0.396 Thread 0x000000001d232000 Exception <a 'java/lang/ArrayIndexOutOfBoundsException': 18> (0x000000078249bea0) thrown at [C:\re\workspace\8-2-build-windows-amd64-cygwin\jdk8u60\4407\hotspot\src\share\vm\interpreter\interpreterRuntime.cpp, line 366]
Event: 0.396 Thread 0x000000001d232000 Exception <a 'java/lang/ArrayIndexOutOfBoundsException': 86> (0x000000078249d248) thrown at [C:\re\workspace\8-2-build-windows-amd64-cygwin\jdk8u60\4407\hotspot\src\share\vm\interpreter\interpreterRuntime.cpp, line 366]
Event: 1.885 Thread 0x000000001d232000 Implicit null exception at 0x0000000002e45956 to 0x0000000002e45cad
Event: 2.052 Thread 0x000000001d232000 Exception <a 'java/lang/ArrayIndexOutOfBoundsException'> (0x00000007838d2fb8) thrown at [C:\re\workspace\8-2-build-windows-amd64-cygwin\jdk8u60\4407\hotspot\src\share\vm\runtime\sharedRuntime.cpp, line 605]
Event: 2.077 Thread 0x000000001d232000 Exception <a 'java/lang/ArrayIndexOutOfBoundsException'> (0x0000000783ac77a0) thrown at [C:\re\workspace\8-2-build-windows-amd64-cygwin\jdk8u60\4407\hotspot\src\share\vm\runtime\sharedRuntime.cpp, line 605]
Event: 2.087 Thread 0x000000001d232000 Exception <a 'java/io/FileNotFoundException'> (0x0000000783b08ad8) thrown at [C:\re\workspace\8-2-build-windows-amd64-cygwin\jdk8u60\4407\hotspot\src\share\vm\prims\jni.cpp, line 709]
Event: 2.093 Thread 0x000000001d232000 Exception <a 'java/io/FileNotFoundException'> (0x0000000783b37880) thrown at [C:\re\workspace\8-2-build-windows-amd64-cygwin\jdk8u60\4407\hotspot\src\share\vm\prims\jni.cpp, line 709]
Event: 3.728 Thread 0x000000001d232000 Exception <a 'java/io/FileNotFoundException'> (0x00000007813c3998) thrown at [C:\re\workspace\8-2-build-windows-amd64-cygwin\jdk8u60\4407\hotspot\src\share\vm\prims\jni.cpp, line 709]
Event: 14.670 Thread 0x000000001d232000 Exception <a 'java/io/FileNotFoundException'> (0x0000000781df3d20) thrown at [C:\re\workspace\8-2-build-windows-amd64-cygwin\jdk8u60\4407\hotspot\src\share\vm\prims\jni.cpp, line 709]
Event: 14.679 Thread 0x000000001d232000 Exception <a 'java/io/FileNotFoundException'> (0x0000000781e05950) thrown at [C:\re\workspace\8-2-build-windows-amd64-cygwin\jdk8u60\4407\hotspot\src\share\vm\prims\jni.cpp, line 709]

Events (10 events):
Event: 17.823 loading class com/mysql/jdbc/TimeUtil
Event: 17.823 loading class com/mysql/jdbc/TimeUtil done
Event: 17.824 loading class java/lang/IllegalAccessError
Event: 17.824 loading class java/lang/IllegalAccessError done
Event: 17.827 Thread 0x000000001d232000 DEOPT PACKING pc=0x0000000002fa0cab sp=0x000000001d9eb930
Event: 17.827 Thread 0x000000001d232000 DEOPT UNPACKING pc=0x0000000002c0787f sp=0x000000001d9eb730 mode 0
Event: 17.828 loading class rymgui/EnchereItemController
Event: 17.828 loading class rymgui/EnchereItemController done
Event: 17.829 loading class models/Participant
Event: 17.829 loading class models/Participant done


Dynamic libraries:
0x00007ff710c70000 - 0x00007ff710ca7000 	C:\Program Files\Java\jdk1.8.0_60\bin\java.exe
0x00007ffcdcaf0000 - 0x00007ffcdcce8000 	C:\Windows\SYSTEM32\ntdll.dll
0x00007ffcdbf50000 - 0x00007ffcdc00f000 	C:\Windows\System32\KERNEL32.DLL
0x00007ffcda4b0000 - 0x00007ffcda78a000 	C:\Windows\System32\KERNELBASE.dll
0x00007ffcdbc70000 - 0x00007ffcdbd1e000 	C:\Windows\System32\ADVAPI32.dll
0x00007ffcdc200000 - 0x00007ffcdc29e000 	C:\Windows\System32\msvcrt.dll
0x00007ffcdb700000 - 0x00007ffcdb79c000 	C:\Windows\System32\sechost.dll
0x00007ffcdc0c0000 - 0x00007ffcdc1e6000 	C:\Windows\System32\RPCRT4.dll
0x00007ffcdbd20000 - 0x00007ffcdbebd000 	C:\Windows\System32\USER32.dll
0x00007ffcdab20000 - 0x00007ffcdab42000 	C:\Windows\System32\win32u.dll
0x00007ffcdc9d0000 - 0x00007ffcdc9fb000 	C:\Windows\System32\GDI32.dll
0x00007ffcda790000 - 0x00007ffcda8a0000 	C:\Windows\System32\gdi32full.dll
0x00007ffcda8a0000 - 0x00007ffcda93d000 	C:\Windows\System32\msvcp_win.dll
0x00007ffcda200000 - 0x00007ffcda300000 	C:\Windows\System32\ucrtbase.dll
0x00007ffcc4f40000 - 0x00007ffcc51da000 	C:\Windows\WinSxS\amd64_microsoft.windows.common-controls_6595b64144ccf1df_6.0.19041.1110_none_60b5254171f9507e\COMCTL32.dll
0x00007ffcdb7a0000 - 0x00007ffcdb7d0000 	C:\Windows\System32\IMM32.DLL
0x000000006d8a0000 - 0x000000006d972000 	C:\Program Files\Java\jdk1.8.0_60\jre\bin\msvcr100.dll
0x000000006d980000 - 0x000000006e209000 	C:\Program Files\Java\jdk1.8.0_60\jre\bin\server\jvm.dll
0x00007ffcdc9c0000 - 0x00007ffcdc9c8000 	C:\Windows\System32\PSAPI.DLL
0x00007ffcd4a30000 - 0x00007ffcd4a39000 	C:\Windows\SYSTEM32\WSOCK32.dll
0x00007ffcd3aa0000 - 0x00007ffcd3aaa000 	C:\Windows\SYSTEM32\VERSION.dll
0x00007ffcd5b30000 - 0x00007ffcd5b57000 	C:\Windows\SYSTEM32\WINMM.dll
0x00007ffcdbee0000 - 0x00007ffcdbf4b000 	C:\Windows\System32\WS2_32.dll
0x000000006d850000 - 0x000000006d85f000 	C:\Program Files\Java\jdk1.8.0_60\jre\bin\verify.dll
0x000000006d820000 - 0x000000006d849000 	C:\Program Files\Java\jdk1.8.0_60\jre\bin\java.dll
0x000000006d800000 - 0x000000006d816000 	C:\Program Files\Java\jdk1.8.0_60\jre\bin\zip.dll
0x00007ffcdac80000 - 0x00007ffcdb3c4000 	C:\Windows\System32\SHELL32.dll
0x00007ffcd82c0000 - 0x00007ffcd8a53000 	C:\Windows\SYSTEM32\windows.storage.dll
0x00007ffcdb8a0000 - 0x00007ffcdbbf4000 	C:\Windows\System32\combase.dll
0x00007ffcd9c60000 - 0x00007ffcd9c8e000 	C:\Windows\SYSTEM32\Wldp.dll
0x00007ffcdc010000 - 0x00007ffcdc0bd000 	C:\Windows\System32\SHCORE.dll
0x00007ffcdc460000 - 0x00007ffcdc4b5000 	C:\Windows\System32\shlwapi.dll
0x00007ffcda140000 - 0x00007ffcda15f000 	C:\Windows\SYSTEM32\profapi.dll
0x00007ffcbef40000 - 0x00007ffcbf02f000 	C:\Program Files\Java\jdk1.8.0_60\jre\bin\msvcr120.dll
0x00007ffcb29b0000 - 0x00007ffcb2a56000 	C:\Program Files\Java\jdk1.8.0_60\jre\bin\msvcp120.dll
0x000000006d430000 - 0x000000006d453000 	C:\Program Files\Java\jdk1.8.0_60\jre\bin\prism_d3d.dll
0x00007ffcd1a80000 - 0x00007ffcd1c4d000 	C:\Windows\system32\d3d9.dll
0x00007ffcd80c0000 - 0x00007ffcd80d2000 	C:\Windows\SYSTEM32\kernel.appcore.dll
0x00007ffcd7dd0000 - 0x00007ffcd7dff000 	C:\Windows\SYSTEM32\dwmapi.dll
0x00007ffcd7b00000 - 0x00007ffcd7b9e000 	C:\Windows\system32\uxtheme.dll
0x00007ffca7290000 - 0x00007ffca73f5000 	C:\Windows\System32\DriverStore\FileRepository\iigd_dch.inf_amd64_4b31d9b38e2bb506\igdumdim64.dll
0x00007ffcdab50000 - 0x00007ffcdac7a000 	C:\Windows\System32\ole32.dll
0x00007ffc9d040000 - 0x00007ffca0ccb000 	C:\Windows\System32\DriverStore\FileRepository\iigd_dch.inf_amd64_4b31d9b38e2bb506\igd9dxva64.dll
0x00007ffcdb7d0000 - 0x00007ffcdb89d000 	C:\Windows\System32\OLEAUT32.dll
0x00007ffcdc550000 - 0x00007ffcdc9b8000 	C:\Windows\System32\SETUPAPI.dll
0x00007ffcda970000 - 0x00007ffcda9be000 	C:\Windows\System32\cfgmgr32.dll
0x00007ffcda940000 - 0x00007ffcda967000 	C:\Windows\System32\bcrypt.dll
0x00007ffccf5c0000 - 0x00007ffccf8f6000 	C:\Windows\System32\DriverStore\FileRepository\iigd_dch.inf_amd64_4b31d9b38e2bb506\igdgmm64.dll
0x000000006d3e0000 - 0x000000006d423000 	C:\Program Files\Java\jdk1.8.0_60\jre\bin\glass.dll
0x00007ffcdc380000 - 0x00007ffcdc45a000 	C:\Windows\System32\COMDLG32.dll
0x00007ffcdb3d0000 - 0x00007ffcdb4e4000 	C:\Windows\System32\MSCTF.dll
0x00007ffcda370000 - 0x00007ffcda3f2000 	C:\Windows\System32\bcryptPrimitives.dll
0x00007ffcc9100000 - 0x00007ffcc9127000 	C:\Windows\System32\DriverStore\FileRepository\iigd_dch.inf_amd64_4b31d9b38e2bb506\igdinfo64.dll
0x00007ffcd9bb0000 - 0x00007ffcd9bc8000 	C:\Windows\SYSTEM32\CRYPTSP.dll
0x00007ffcd9200000 - 0x00007ffcd9234000 	C:\Windows\system32\rsaenh.dll
0x00007ffcd9bd0000 - 0x00007ffcd9bdc000 	C:\Windows\SYSTEM32\CRYPTBASE.dll
0x00007ffccc830000 - 0x00007ffccf5bf000 	C:\Windows\System32\DriverStore\FileRepository\iigd_dch.inf_amd64_4b31d9b38e2bb506\igc64.dll
0x00007ffcd3260000 - 0x00007ffcd329b000 	C:\Windows\SYSTEM32\dxcore.dll
0x000000006d2d0000 - 0x000000006d2e4000 	C:\Program Files\Java\jdk1.8.0_60\jre\bin\javafx_font.dll
0x00007ffcc7790000 - 0x00007ffcc7a0f000 	C:\Windows\SYSTEM32\dwrite.dll
0x00007ffcdca00000 - 0x00007ffcdcaa9000 	C:\Windows\System32\clbcatq.dll
0x00007ffcd4850000 - 0x00007ffcd4a04000 	C:\Windows\SYSTEM32\WindowsCodecs.dll
0x00007ffcc3fe0000 - 0x00007ffcc401e000 	C:\Windows\system32\dataexchange.dll
0x00007ffcd6310000 - 0x00007ffcd6573000 	C:\Windows\system32\d3d11.dll
0x00007ffcd6b40000 - 0x00007ffcd6d23000 	C:\Windows\system32\dcomp.dll
0x00007ffcd8ac0000 - 0x00007ffcd8bb3000 	C:\Windows\system32\dxgi.dll
0x00007ffcd4f80000 - 0x00007ffcd5180000 	C:\Windows\system32\twinapi.appcore.dll
0x00007ffcc5aa0000 - 0x00007ffcc5ad4000 	C:\Program Files\Common Files\Microsoft Shared\Ink\rtscom.dll
0x00007ffcd1de0000 - 0x00007ffcd1ed9000 	C:\Windows\SYSTEM32\textinputframework.dll
0x00007ffcd7410000 - 0x00007ffcd7502000 	C:\Windows\System32\CoreMessaging.dll
0x00007ffcd70b0000 - 0x00007ffcd740e000 	C:\Windows\System32\CoreUIComponents.dll
0x00007ffcd5d50000 - 0x00007ffcd5ea4000 	C:\Windows\SYSTEM32\wintypes.dll
0x00007ffcd93b0000 - 0x00007ffcd93e3000 	C:\Windows\SYSTEM32\ntmarta.dll
0x000000006d7e0000 - 0x000000006d7fa000 	C:\Program Files\Java\jdk1.8.0_60\jre\bin\net.dll
0x00007ffcd99c0000 - 0x00007ffcd9a2a000 	C:\Windows\system32\mswsock.dll
0x00007ffcd96b0000 - 0x00007ffcd977b000 	C:\Windows\SYSTEM32\DNSAPI.dll
0x00007ffcd9660000 - 0x00007ffcd969c000 	C:\Windows\SYSTEM32\IPHLPAPI.DLL
0x00007ffcdc1f0000 - 0x00007ffcdc1f8000 	C:\Windows\System32\NSI.dll
0x000000006e550000 - 0x000000006e576000 	C:\Program Files\Bonjour\mdnsNSP.dll
0x00007ffcd14e0000 - 0x00007ffcd14ea000 	C:\Windows\System32\rasadhlp.dll
0x00007ffccfba0000 - 0x00007ffccfc20000 	C:\Windows\System32\fwpuclnt.dll
0x000000006d2a0000 - 0x000000006d2c3000 	C:\Program Files\Java\jdk1.8.0_60\jre\bin\javafx_iio.dll
0x000000006d280000 - 0x000000006d291000 	C:\Program Files\Java\jdk1.8.0_60\jre\bin\prism_common.dll
0x00007ffcda0c0000 - 0x00007ffcda0ee000 	C:\Windows\SYSTEM32\USERENV.dll
0x00007ffcd3220000 - 0x00007ffcd3237000 	C:\Windows\SYSTEM32\dhcpcsvc6.DLL
0x00007ffcd3200000 - 0x00007ffcd321d000 	C:\Windows\SYSTEM32\dhcpcsvc.DLL
0x000000006d7c0000 - 0x000000006d7d1000 	C:\Program Files\Java\jdk1.8.0_60\jre\bin\nio.dll
0x000000006d620000 - 0x000000006d7b8000 	C:\Program Files\Java\jdk1.8.0_60\jre\bin\awt.dll
0x00007ffcd7780000 - 0x00007ffcd7810000 	C:\Windows\SYSTEM32\apphelp.dll

VM Arguments:
jvm_args: -Dfile.encoding=UTF-8 
java_command: pidevAuth.Firstpagemain
java_class_path (initial): C:\Program Files\NetBeans 8.2\ide\modules\ext\mysql-connector-java-5.1.23-bin.jar;C:\Users\MediaStudio\Downloads\core-3.2.1.jar;C:\Users\MediaStudio\Documents\NetBeansProjects\Project_malek\poi-bin-5.2.3\poi-5.2.3.jar;C:\Users\MediaStudio\Documents\NetBeansProjects\Project_malek\poi-bin-5.2.3\poi-examples-5.2.3.jar;C:\Users\MediaStudio\Documents\NetBeansProjects\Project_malek\poi-bin-5.2.3\poi-excelant-5.2.3.jar;C:\Users\MediaStudio\Documents\NetBeansProjects\Project_malek\poi-bin-5.2.3\poi-javadoc-5.2.3.jar;C:\Users\MediaStudio\Documents\NetBeansProjects\Project_malek\poi-bin-5.2.3\poi-ooxml-5.2.3.jar;C:\Users\MediaStudio\Documents\NetBeansProjects\Project_malek\poi-bin-5.2.3\poi-ooxml-full-5.2.3.jar;C:\Users\MediaStudio\Documents\NetBeansProjects\Project_malek\poi-bin-5.2.3\poi-ooxml-lite-5.2.3.jar;C:\Users\MediaStudio\Documents\NetBeansProjects\Project_malek\poi-bin-5.2.3\poi-scratchpad-5.2.3.jar;C:\Users\MediaStudio\Documents\NetBeansProjects\Project_malek\controlsfx-8.40.15.jar;C:\Users\MediaStudio\Documents\NetBeansProjects\Project_malek\spring-security-crypto-5.8.1.jar;C:\Users\MediaStudio\Desktop\yy\javax.mail-1.6.2.jar;C:\Users\MediaStudio\Desktop\yy\javax.mail-api-1.6.2.jar;C:\Users\MediaStudio\Desktop\yy\javamail-1.4.4\lib\dsn.jar;C:\Users\MediaStudio\Desktop\yy\javamail-1.4.4\lib\imap.jar;C:\Users\MediaStudio\Desktop\yy\javamail-1.4.4\lib\mailapi.jar;C:\Users\MediaStudio\Desktop\yy\javamail-1.4.4\lib\pop3.jar;C:\Users\MediaStudio\Desktop\yy\javamail-1.4.4\lib\smtp.jar;C:\Users\MediaStudio\Documents\NetBeansProjects\Project_malek\miaoui\gson-2.10.1.jar;C:\Users\MediaStudio\Documents\NetBeansProjects\Project_malek\miaoui\itext-1.3.1.jar;C:\Users\MediaStudio\Documents\NetBeansProjects\Project_malek\miaoui\stripe-java-22.11.0.jar;C:\Users\MediaStudio\Documents\NetBeansProjects\Project_malek\miaoui\itextpdf-5.5.9.jar;C:\Users\MediaStudio\Documents\NetBeansProjects\Project_malek\TrayNotification-5393c3a54f.jar;C:\Users\MediaStudio\
Launcher Type: SUN_STANDARD

Environment Variables:
PATH=C:\oraclexe\app\oracle\product\11.2.0\server\bin;C:\ProgramData\Oracle\Java\javapath;C:\Program Files\Java\jdk1.8.0_60\bin;C:\Program Files (x86)\VMware\VMware Workstation\bin\;C:\Windows\system32;C:\Windows;C:\Windows\System32\Wbem;C:\Windows\System32\WindowsPowerShell\v1.0\;C:\Windows\System32\OpenSSH\;C:\Program Files\Git\cmd;C:\ProgramData\ComposerSetup\bin;C:\Program Files\nodejs\;C:\Users\MediaStudio\scoop\shims;C:\Users\MediaStudio\AppData\Local\Microsoft\WindowsApps;C:\xampp\php;C:\Users\MediaStudio\AppData\Local\Programs\Microsoft VS Code\bin;C:\Users\MediaStudio\AppData\Roaming\Composer\vendor\bin;C:\xampp\php;C:\Users\MediaStudio\AppData\Roaming\npm
USERNAME=MediaStudio
OS=Windows_NT
PROCESSOR_IDENTIFIER=Intel64 Family 6 Model 142 Stepping 12, GenuineIntel



---------------  S Y S T E M  ---------------

OS: Windows 10.0 , 64 bit Build 19041 (10.0.19041.2788)

CPU:total 8 (4 cores per cpu, 2 threads per core) family 6 model 142 stepping 12, cmov, cx8, fxsr, mmx, sse, sse2, sse3, ssse3, sse4.1, sse4.2, popcnt, avx, avx2, aes, clmul, erms, 3dnowpref, lzcnt, ht, tsc, tscinvbit, bmi1, bmi2, adx

Memory: 4k page, physical 12412604k(1724756k free), swap 12412604k(5124k free)

vm_info: Java HotSpot(TM) 64-Bit Server VM (25.60-b23) for windows-amd64 JRE (1.8.0_60-b27), built on Aug  4 2015 11:06:27 by "java_re" with MS VC++ 10.0 (VS2010)

time: Thu May 11 17:02:02 2023
elapsed time: 17 seconds (0d 0h 0m 17s)

