#
# There is insufficient memory for the Java Runtime Environment to continue.
# Native memory allocation (malloc) failed to allocate 776976 bytes for Chunk::new
# Possible reasons:
#   The system is out of physical RAM or swap space
#   In 32 bit mode, the process size limit was hit
# Possible solutions:
#   Reduce memory load on the system
#   Increase physical memory or swap space
#   Check if swap backing store is full
#   Use 64 bit Java on a 64 bit OS
#   Decrease Java heap size (-Xmx/-Xms)
#   Decrease number of Java threads
#   Decrease Java thread stack sizes (-Xss)
#   Set larger code cache with -XX:ReservedCodeCacheSize=
# This output file may be truncated or incomplete.
#
#  Out of Memory Error (allocation.cpp:390), pid=14548, tid=8152
#
# JRE version: Java(TM) SE Runtime Environment (8.0_60-b27) (build 1.8.0_60-b27)
# Java VM: Java HotSpot(TM) 64-Bit Server VM (25.60-b23 mixed mode windows-amd64 compressed oops)
# Failed to write core dump. Minidumps are not enabled by default on client versions of Windows
#

---------------  T H R E A D  ---------------

Current thread (0x000000001bddd000):  JavaThread "C2 CompilerThread1" daemon [_thread_in_native, id=8152, stack(0x000000001c4b0000,0x000000001c5b0000)]

Stack: [0x000000001c4b0000,0x000000001c5b0000]
[error occurred during error reporting (printing stack bounds), id 0xc0000005]

Native frames: (J=compiled Java code, j=interpreted, Vv=VM code, C=native code)


Current CompileTask:
C2:  16225 3238       4       javafx.scene.CssStyleHelper::createStyleHelper (290 bytes)


---------------  P R O C E S S  ---------------

Java Threads: ( => current thread )
  0x000000001cb8f800 JavaThread "Java2D Disposer" daemon [_thread_blocked, id=10688, stack(0x0000000028ba0000,0x0000000028ca0000)]
  0x000000001cb92800 JavaThread "Prism Font Disposer" daemon [_thread_blocked, id=13284, stack(0x00000000231e0000,0x00000000232e0000)]
  0x000000001cb8c800 JavaThread "Abandoned connection cleanup thread" daemon [_thread_blocked, id=11620, stack(0x0000000022380000,0x0000000022480000)]
  0x000000001cb91000 JavaThread "Thread-3" daemon [_thread_in_native, id=10868, stack(0x0000000022080000,0x0000000022180000)]
  0x000000001cb93800 JavaThread "JavaFX-Launcher" [_thread_blocked, id=5076, stack(0x0000000022180000,0x0000000022280000)]
  0x000000001cb8e000 JavaThread "JavaFX Application Thread" [_thread_in_vm, id=6944, stack(0x000000001d4b0000,0x000000001d5b0000)]
  0x000000001cb90800 JavaThread "Thread-1" daemon [_thread_blocked, id=2220, stack(0x000000001d3b0000,0x000000001d4b0000)]
  0x000000001c1ae000 JavaThread "QuantumRenderer-0" daemon [_thread_blocked, id=10448, stack(0x000000001d1b0000,0x000000001d2b0000)]
  0x000000001be73800 JavaThread "Service Thread" daemon [_thread_blocked, id=13548, stack(0x000000001c7b0000,0x000000001c8b0000)]
  0x000000001bde5800 JavaThread "C1 CompilerThread3" daemon [_thread_blocked, id=14344, stack(0x000000001c6b0000,0x000000001c7b0000)]
  0x000000001bde1800 JavaThread "C2 CompilerThread2" daemon [_thread_in_native, id=8756, stack(0x000000001c5b0000,0x000000001c6b0000)]
=>0x000000001bddd000 JavaThread "C2 CompilerThread1" daemon [_thread_in_native, id=8152, stack(0x000000001c4b0000,0x000000001c5b0000)]
  0x000000001bdd9000 JavaThread "C2 CompilerThread0" daemon [_thread_in_native, id=3532, stack(0x000000001c3b0000,0x000000001c4b0000)]
  0x000000001bdd6800 JavaThread "Attach Listener" daemon [_thread_blocked, id=15996, stack(0x000000001c2b0000,0x000000001c3b0000)]
  0x000000001bdd5800 JavaThread "Signal Dispatcher" daemon [_thread_blocked, id=3116, stack(0x000000001c1b0000,0x000000001c2b0000)]
  0x000000000273a000 JavaThread "Finalizer" daemon [_thread_blocked, id=6068, stack(0x000000001bb80000,0x000000001bc80000)]
  0x0000000019c6d000 JavaThread "Reference Handler" daemon [_thread_blocked, id=5872, stack(0x000000001ba80000,0x000000001bb80000)]
  0x000000000281e800 JavaThread "main" [_thread_blocked, id=16368, stack(0x00000000024a0000,0x00000000025a0000)]

Other Threads:
  0x0000000019c69000 VMThread [stack: 0x000000001b980000,0x000000001ba80000] [id=7052]
  0x000000001bea5000 WatcherThread [stack: 0x000000001c8b0000,0x000000001c9b0000] [id=11608]

VM state:not at safepoint (normal execution)

VM Mutex/Monitor currently owned by a thread:  ([mutex/lock_event])
[0x00000000026408d0] MemberNameTable_lock - owner thread: 0x0000000000000000

Heap:
 PSYoungGen      total 56832K, used 50804K [0x0000000780d80000, 0x0000000784c80000, 0x00000007c0000000)
  eden space 49152K, 88% used [0x0000000780d80000,0x00000007837cc258,0x0000000783d80000)
  from space 7680K, 97% used [0x0000000783d80000,0x00000007844d0ea0,0x0000000784500000)
  to   space 7680K, 0% used [0x0000000784500000,0x0000000784500000,0x0000000784c80000)
 ParOldGen       total 103424K, used 62316K [0x0000000702800000, 0x0000000708d00000, 0x0000000780d80000)
  object space 103424K, 60% used [0x0000000702800000,0x00000007064db210,0x0000000708d00000)
 Metaspace       used 24070K, capacity 25152K, committed 25344K, reserved 1071104K
  class space    used 3199K, capacity 3465K, committed 3584K, reserved 1048576K

Card table byte_map: [0x0000000011be0000,0x00000000121d0000] byte_map_base: 0x000000000e3cc000

Marking Bits: (ParMarkBitMap*) 0x000000005c58a5b0
 Begin Bits: [0x0000000012dd0000, 0x0000000015d30000)
 End Bits:   [0x0000000015d30000, 0x0000000018c90000)

Polling page: 0x0000000000830000

CodeCache: size=245760Kb used=10492Kb max_used=10504Kb free=235267Kb
 bounds [0x0000000002820000, 0x0000000003270000, 0x0000000011820000]
 total_blobs=4076 nmethods=3251 adapters=736
 compilation: enabled

Compilation events (10 events):
Event: 16.223 Thread 0x000000001bde5800 3293       3       javafx.scene.text.Text::getBoundsType (24 bytes)
Event: 16.223 Thread 0x000000001bde5800 nmethod 3293 0x00000000032642d0 code [0x0000000003264480, 0x0000000003264ad8]
Event: 16.223 Thread 0x000000001bde5800 3296       3       javafx.scene.control.Labeled::getContentBias (15 bytes)
Event: 16.223 Thread 0x000000001bde5800 nmethod 3296 0x0000000003264cd0 code [0x0000000003264e60, 0x0000000003265448]
Event: 16.223 Thread 0x000000001bde5800 3291       1       com.sun.javafx.font.LogicalFont::getFamilyName (5 bytes)
Event: 16.223 Thread 0x000000001bde5800 nmethod 3291 0x0000000003256850 code [0x00000000032569a0, 0x0000000003256ab0]
Event: 16.223 Thread 0x000000001bde5800 3286       3       java.util.ArrayList::sort (48 bytes)
Event: 16.223 Thread 0x000000001bde5800 nmethod 3286 0x0000000003268490 code [0x0000000003268600, 0x0000000003268878]
Event: 16.223 Thread 0x000000001bde1800 nmethod 3283 0x0000000003268990 code [0x0000000003268b00, 0x0000000003268d78]
Event: 16.223 Thread 0x000000001bde1800 3251       4       com.sun.javafx.css.StyleCacheEntry::get (37 bytes)

GC Heap History (8 events):
Event: 10.025 GC heap before
{Heap before GC invocations=1 (full 0):
 PSYoungGen      total 56832K, used 49130K [0x0000000780d80000, 0x0000000784c80000, 0x00000007c0000000)
  eden space 49152K, 99% used [0x0000000780d80000,0x0000000783d7a918,0x0000000783d80000)
  from space 7680K, 0% used [0x0000000784500000,0x0000000784500000,0x0000000784c80000)
  to   space 7680K, 0% used [0x0000000783d80000,0x0000000783d80000,0x0000000784500000)
 ParOldGen       total 130048K, used 0K [0x0000000702800000, 0x000000070a700000, 0x0000000780d80000)
  object space 130048K, 0% used [0x0000000702800000,0x0000000702800000,0x000000070a700000)
 Metaspace       used 19273K, capacity 19902K, committed 19968K, reserved 1067008K
  class space    used 2610K, capacity 2774K, committed 2816K, reserved 1048576K
Event: 10.030 GC heap after
Heap after GC invocations=1 (full 0):
 PSYoungGen      total 56832K, used 7658K [0x0000000780d80000, 0x0000000784c80000, 0x00000007c0000000)
  eden space 49152K, 0% used [0x0000000780d80000,0x0000000780d80000,0x0000000783d80000)
  from space 7680K, 99% used [0x0000000783d80000,0x00000007844faa58,0x0000000784500000)
  to   space 7680K, 0% used [0x0000000784500000,0x0000000784500000,0x0000000784c80000)
 ParOldGen       total 130048K, used 5581K [0x0000000702800000, 0x000000070a700000, 0x0000000780d80000)
  object space 130048K, 4% used [0x0000000702800000,0x0000000702d73440,0x000000070a700000)
 Metaspace       used 19273K, capacity 19902K, committed 19968K, reserved 1067008K
  class space    used 2610K, capacity 2774K, committed 2816K, reserved 1048576K
}
Event: 13.115 GC heap before
{Heap before GC invocations=2 (full 0):
 PSYoungGen      total 56832K, used 37737K [0x0000000780d80000, 0x0000000784c80000, 0x00000007c0000000)
  eden space 49152K, 61% used [0x0000000780d80000,0x0000000782adfc78,0x0000000783d80000)
  from space 7680K, 99% used [0x0000000783d80000,0x00000007844faa58,0x0000000784500000)
  to   space 7680K, 0% used [0x0000000784500000,0x0000000784500000,0x0000000784c80000)
 ParOldGen       total 130048K, used 5581K [0x0000000702800000, 0x000000070a700000, 0x0000000780d80000)
  object space 130048K, 4% used [0x0000000702800000,0x0000000702d73440,0x000000070a700000)
 Metaspace       used 20422K, capacity 21226K, committed 21296K, reserved 1067008K
  class space    used 2731K, capacity 2930K, committed 2944K, reserved 1048576K
Event: 13.122 GC heap after
Heap after GC invocations=2 (full 0):
 PSYoungGen      total 56832K, used 7664K [0x0000000780d80000, 0x0000000784c80000, 0x00000007c0000000)
  eden space 49152K, 0% used [0x0000000780d80000,0x0000000780d80000,0x0000000783d80000)
  from space 7680K, 99% used [0x0000000784500000,0x0000000784c7c090,0x0000000784c80000)
  to   space 7680K, 0% used [0x0000000783d80000,0x0000000783d80000,0x0000000784500000)
 ParOldGen       total 130048K, used 25402K [0x0000000702800000, 0x000000070a700000, 0x0000000780d80000)
  object space 130048K, 19% used [0x0000000702800000,0x00000007040ceb80,0x000000070a700000)
 Metaspace       used 20422K, capacity 21226K, committed 21296K, reserved 1067008K
  class space    used 2731K, capacity 2930K, committed 2944K, reserved 1048576K
}
Event: 13.122 GC heap before
{Heap before GC invocations=3 (full 1):
 PSYoungGen      total 56832K, used 7664K [0x0000000780d80000, 0x0000000784c80000, 0x00000007c0000000)
  eden space 49152K, 0% used [0x0000000780d80000,0x0000000780d80000,0x0000000783d80000)
  from space 7680K, 99% used [0x0000000784500000,0x0000000784c7c090,0x0000000784c80000)
  to   space 7680K, 0% used [0x0000000783d80000,0x0000000783d80000,0x0000000784500000)
 ParOldGen       total 130048K, used 25402K [0x0000000702800000, 0x000000070a700000, 0x0000000780d80000)
  object space 130048K, 19% used [0x0000000702800000,0x00000007040ceb80,0x000000070a700000)
 Metaspace       used 20422K, capacity 21226K, committed 21296K, reserved 1067008K
  class space    used 2731K, capacity 2930K, committed 2944K, reserved 1048576K
Event: 13.169 GC heap after
Heap after GC invocations=3 (full 1):
 PSYoungGen      total 56832K, used 0K [0x0000000780d80000, 0x0000000784c80000, 0x00000007c0000000)
  eden space 49152K, 0% used [0x0000000780d80000,0x0000000780d80000,0x0000000783d80000)
  from space 7680K, 0% used [0x0000000784500000,0x0000000784500000,0x0000000784c80000)
  to   space 7680K, 0% used [0x0000000783d80000,0x0000000783d80000,0x0000000784500000)
 ParOldGen       total 103424K, used 30677K [0x0000000702800000, 0x0000000708d00000, 0x0000000780d80000)
  object space 103424K, 29% used [0x0000000702800000,0x00000007045f56f8,0x0000000708d00000)
 Metaspace       used 20422K, capacity 21226K, committed 21296K, reserved 1067008K
  class space    used 2731K, capacity 2930K, committed 2944K, reserved 1048576K
}
Event: 13.616 GC heap before
{Heap before GC invocations=4 (full 1):
 PSYoungGen      total 56832K, used 48828K [0x0000000780d80000, 0x0000000784c80000, 0x00000007c0000000)
  eden space 49152K, 99% used [0x0000000780d80000,0x0000000783d2f010,0x0000000783d80000)
  from space 7680K, 0% used [0x0000000784500000,0x0000000784500000,0x0000000784c80000)
  to   space 7680K, 0% used [0x0000000783d80000,0x0000000783d80000,0x0000000784500000)
 ParOldGen       total 103424K, used 30677K [0x0000000702800000, 0x0000000708d00000, 0x0000000780d80000)
  object space 103424K, 29% used [0x0000000702800000,0x00000007045f56f8,0x0000000708d00000)
 Metaspace       used 22503K, capacity 23270K, committed 23424K, reserved 1069056K
  class space    used 2946K, capacity 3160K, committed 3200K, reserved 1048576K
Event: 13.622 GC heap after
Heap after GC invocations=4 (full 1):
 PSYoungGen      total 56832K, used 7491K [0x0000000780d80000, 0x0000000784c80000, 0x00000007c0000000)
  eden space 49152K, 0% used [0x0000000780d80000,0x0000000780d80000,0x0000000783d80000)
  from space 7680K, 97% used [0x0000000783d80000,0x00000007844d0ea0,0x0000000784500000)
  to   space 7680K, 0% used [0x0000000784500000,0x0000000784500000,0x0000000784c80000)
 ParOldGen       total 103424K, used 62316K [0x0000000702800000, 0x0000000708d00000, 0x0000000780d80000)
  object space 103424K, 60% used [0x0000000702800000,0x00000007064db210,0x0000000708d00000)
 Metaspace       used 22503K, capacity 23270K, committed 23424K, reserved 1069056K
  class space    used 2946K, capacity 3160K, committed 3200K, reserved 1048576K
}

Deoptimization events (10 events):
Event: 13.872 Thread 0x000000001cb8e000 Uncommon trap: reason=array_check action=maybe_recompile pc=0x0000000002e597e0 method=com.sun.javafx.css.SimpleSelector.applies(Ljavafx/css/Styleable;[Ljava/util/Set;I)Z @ 37
Event: 13.923 Thread 0x000000001cb8e000 Uncommon trap: reason=unstable_if action=reinterpret pc=0x00000000030f7250 method=com.sun.javafx.css.CompoundSelector.applies(Ljavafx/css/Styleable;I[Ljava/util/Set;I)Z @ 32
Event: 13.928 Thread 0x000000001cb8e000 Uncommon trap: reason=class_check action=maybe_recompile pc=0x000000000312ad78 method=com.sun.javafx.css.StyleMap.getCascadingStyles()Ljava/util/Map; @ 77
Event: 13.929 Thread 0x000000001cb8e000 Uncommon trap: reason=class_check action=maybe_recompile pc=0x000000000312ad78 method=com.sun.javafx.css.StyleMap.getCascadingStyles()Ljava/util/Map; @ 77
Event: 13.929 Thread 0x000000001cb8e000 Uncommon trap: reason=class_check action=maybe_recompile pc=0x000000000312ad78 method=com.sun.javafx.css.StyleMap.getCascadingStyles()Ljava/util/Map; @ 77
Event: 13.933 Thread 0x000000001cb8e000 Uncommon trap: reason=class_check action=maybe_recompile pc=0x000000000312ad78 method=com.sun.javafx.css.StyleMap.getCascadingStyles()Ljava/util/Map; @ 77
Event: 16.200 Thread 0x000000001cb8e000 Uncommon trap: reason=array_check action=maybe_recompile pc=0x000000000317f318 method=com.sun.javafx.css.CompoundSelector.applies(Ljavafx/css/Styleable;[Ljava/util/Set;I)Z @ 128
Event: 16.200 Thread 0x000000001cb8e000 Uncommon trap: reason=array_check action=maybe_recompile pc=0x000000000317f318 method=com.sun.javafx.css.CompoundSelector.applies(Ljavafx/css/Styleable;[Ljava/util/Set;I)Z @ 128
Event: 16.200 Thread 0x000000001cb8e000 Uncommon trap: reason=array_check action=maybe_recompile pc=0x000000000317f318 method=com.sun.javafx.css.CompoundSelector.applies(Ljavafx/css/Styleable;[Ljava/util/Set;I)Z @ 128
Event: 16.200 Thread 0x000000001cb8e000 Uncommon trap: reason=array_check action=maybe_recompile pc=0x000000000317f318 method=com.sun.javafx.css.CompoundSelector.applies(Ljavafx/css/Styleable;[Ljava/util/Set;I)Z @ 128

Internal exceptions (10 events):
Event: 13.177 Thread 0x000000001cb8e000 Exception <a 'java/io/FileNotFoundException'> (0x0000000780d8adb0) thrown at [C:\re\workspace\8-2-build-windows-amd64-cygwin\jdk8u60\4407\hotspot\src\share\vm\prims\jni.cpp, line 709]
Event: 13.186 Thread 0x000000001cb8e000 Exception <a 'java/io/FileNotFoundException'> (0x0000000780d9ca20) thrown at [C:\re\workspace\8-2-build-windows-amd64-cygwin\jdk8u60\4407\hotspot\src\share\vm\prims\jni.cpp, line 709]
Event: 16.181 Thread 0x000000001cb8e000 Exception <a 'java/io/FileNotFoundException'> (0x00000007835081c8) thrown at [C:\re\workspace\8-2-build-windows-amd64-cygwin\jdk8u60\4407\hotspot\src\share\vm\prims\jni.cpp, line 709]
Event: 16.181 Thread 0x000000001cb8e000 Exception <a 'java/io/FileNotFoundException'> (0x0000000783511428) thrown at [C:\re\workspace\8-2-build-windows-amd64-cygwin\jdk8u60\4407\hotspot\src\share\vm\prims\jni.cpp, line 709]
Event: 16.182 Thread 0x000000001cb8e000 Exception <a 'java/io/FileNotFoundException'> (0x0000000783517850) thrown at [C:\re\workspace\8-2-build-windows-amd64-cygwin\jdk8u60\4407\hotspot\src\share\vm\prims\jni.cpp, line 709]
Event: 16.182 Thread 0x000000001cb8e000 Exception <a 'java/io/FileNotFoundException'> (0x000000078351db38) thrown at [C:\re\workspace\8-2-build-windows-amd64-cygwin\jdk8u60\4407\hotspot\src\share\vm\prims\jni.cpp, line 709]
Event: 16.182 Thread 0x000000001cb8e000 Exception <a 'java/io/FileNotFoundException'> (0x0000000783523a28) thrown at [C:\re\workspace\8-2-build-windows-amd64-cygwin\jdk8u60\4407\hotspot\src\share\vm\prims\jni.cpp, line 709]
Event: 16.182 Thread 0x000000001cb8e000 Exception <a 'java/io/FileNotFoundException'> (0x0000000783529910) thrown at [C:\re\workspace\8-2-build-windows-amd64-cygwin\jdk8u60\4407\hotspot\src\share\vm\prims\jni.cpp, line 709]
Event: 16.186 Thread 0x000000001cb8e000 Exception <a 'java/io/FileNotFoundException'> (0x000000078356b1b8) thrown at [C:\re\workspace\8-2-build-windows-amd64-cygwin\jdk8u60\4407\hotspot\src\share\vm\prims\jni.cpp, line 709]
Event: 16.187 Thread 0x000000001cb8e000 Exception <a 'java/io/FileNotFoundException'> (0x000000078356c7b8) thrown at [C:\re\workspace\8-2-build-windows-amd64-cygwin\jdk8u60\4407\hotspot\src\share\vm\prims\jni.cpp, line 709]

Events (10 events):
Event: 16.202 loading class com/sun/javafx/scene/control/skin/ListViewSkin
Event: 16.202 loading class com/sun/javafx/scene/control/skin/ListViewSkin done
Event: 16.222 loading class javafx/scene/control/Cell$2
Event: 16.222 loading class javafx/scene/control/Cell$2 done
Event: 16.223 loading class javafx/scene/control/Cell$3
Event: 16.223 loading class javafx/scene/control/Cell$3 done
Event: 16.223 loading class javafx/scene/control/IndexedCell$1
Event: 16.223 loading class javafx/scene/control/IndexedCell$1 done
Event: 16.223 loading class javafx/scene/control/ListCell$4
Event: 16.223 loading class javafx/scene/control/ListCell$4 done


Dynamic libraries:
0x00007ff7c0a20000 - 0x00007ff7c0a57000 	C:\Program Files\Java\jdk1.8.0_60\bin\java.exe
0x00007ffda74d0000 - 0x00007ffda76c8000 	C:\Windows\SYSTEM32\ntdll.dll
0x00007ffda6ee0000 - 0x00007ffda6f9f000 	C:\Windows\System32\KERNEL32.DLL
0x00007ffda4bc0000 - 0x00007ffda4e92000 	C:\Windows\System32\KERNELBASE.dll
0x00007ffda6950000 - 0x00007ffda69fe000 	C:\Windows\System32\ADVAPI32.dll
0x00007ffda6d40000 - 0x00007ffda6dde000 	C:\Windows\System32\msvcrt.dll
0x00007ffda6de0000 - 0x00007ffda6e7c000 	C:\Windows\System32\sechost.dll
0x00007ffda7360000 - 0x00007ffda7485000 	C:\Windows\System32\RPCRT4.dll
0x00007ffda6fa0000 - 0x00007ffda7141000 	C:\Windows\System32\USER32.dll
0x00007ffda5030000 - 0x00007ffda5052000 	C:\Windows\System32\win32u.dll
0x00007ffda5570000 - 0x00007ffda559b000 	C:\Windows\System32\GDI32.dll
0x00007ffda5110000 - 0x00007ffda521f000 	C:\Windows\System32\gdi32full.dll
0x00007ffda5220000 - 0x00007ffda52bd000 	C:\Windows\System32\msvcp_win.dll
0x00007ffda5410000 - 0x00007ffda5510000 	C:\Windows\System32\ucrtbase.dll
0x00007ffd8b6d0000 - 0x00007ffd8b96a000 	C:\Windows\WinSxS\amd64_microsoft.windows.common-controls_6595b64144ccf1df_6.0.19041.1110_none_60b5254171f9507e\COMCTL32.dll
0x00007ffda6150000 - 0x00007ffda6182000 	C:\Windows\System32\IMM32.DLL
0x000000005ca90000 - 0x000000005cb62000 	C:\Program Files\Java\jdk1.8.0_60\jre\bin\msvcr100.dll
0x000000005bd80000 - 0x000000005c609000 	C:\Program Files\Java\jdk1.8.0_60\jre\bin\server\jvm.dll
0x00007ffda7150000 - 0x00007ffda7158000 	C:\Windows\System32\PSAPI.DLL
0x00007ffd9f030000 - 0x00007ffd9f03a000 	C:\Windows\SYSTEM32\VERSION.dll
0x00007ffd8c710000 - 0x00007ffd8c719000 	C:\Windows\SYSTEM32\WSOCK32.dll
0x00007ffd8d110000 - 0x00007ffd8d137000 	C:\Windows\SYSTEM32\WINMM.dll
0x00007ffda6190000 - 0x00007ffda61fb000 	C:\Windows\System32\WS2_32.dll
0x000000005ca40000 - 0x000000005ca4f000 	C:\Program Files\Java\jdk1.8.0_60\jre\bin\verify.dll
0x000000005ca10000 - 0x000000005ca39000 	C:\Program Files\Java\jdk1.8.0_60\jre\bin\java.dll
0x000000005c9f0000 - 0x000000005ca06000 	C:\Program Files\Java\jdk1.8.0_60\jre\bin\zip.dll
0x00007ffda6200000 - 0x00007ffda6945000 	C:\Windows\System32\SHELL32.dll
0x00007ffda2c80000 - 0x00007ffda3412000 	C:\Windows\SYSTEM32\windows.storage.dll
0x00007ffda5d20000 - 0x00007ffda6075000 	C:\Windows\System32\combase.dll
0x00007ffda4540000 - 0x00007ffda4570000 	C:\Windows\SYSTEM32\Wldp.dll
0x00007ffda6080000 - 0x00007ffda612d000 	C:\Windows\System32\SHCORE.dll
0x00007ffda6bc0000 - 0x00007ffda6c15000 	C:\Windows\System32\shlwapi.dll
0x00007ffda4b00000 - 0x00007ffda4b1f000 	C:\Windows\SYSTEM32\profapi.dll
0x00007ffd7e9e0000 - 0x00007ffd7eacf000 	C:\Program Files\Java\jdk1.8.0_60\jre\bin\msvcr120.dll
0x00007ffd7ff10000 - 0x00007ffd7ffb6000 	C:\Program Files\Java\jdk1.8.0_60\jre\bin\msvcp120.dll
0x000000005bb80000 - 0x000000005bba3000 	C:\Program Files\Java\jdk1.8.0_60\jre\bin\prism_d3d.dll
0x00007ffd98710000 - 0x00007ffd988de000 	C:\Windows\system32\d3d9.dll
0x00007ffda2c60000 - 0x00007ffda2c72000 	C:\Windows\SYSTEM32\kernel.appcore.dll
0x00007ffda2500000 - 0x00007ffda252f000 	C:\Windows\SYSTEM32\dwmapi.dll
0x00007ffda2210000 - 0x00007ffda22ae000 	C:\Windows\system32\uxtheme.dll
0x00007ffd7e870000 - 0x00007ffd7e9d5000 	C:\Windows\System32\DriverStore\FileRepository\iigd_dch.inf_amd64_4b31d9b38e2bb506\igdumdim64.dll
0x00007ffda7230000 - 0x00007ffda735a000 	C:\Windows\System32\ole32.dll
0x00007ffd3f2f0000 - 0x00007ffd42f7b000 	C:\Windows\System32\DriverStore\FileRepository\iigd_dch.inf_amd64_4b31d9b38e2bb506\igd9dxva64.dll
0x00007ffda7160000 - 0x00007ffda722d000 	C:\Windows\System32\OLEAUT32.dll
0x00007ffda5750000 - 0x00007ffda5bb8000 	C:\Windows\System32\SETUPAPI.dll
0x00007ffda53c0000 - 0x00007ffda540e000 	C:\Windows\System32\cfgmgr32.dll
0x00007ffda5000000 - 0x00007ffda5027000 	C:\Windows\System32\bcrypt.dll
0x00007ffd95e50000 - 0x00007ffd96186000 	C:\Windows\System32\DriverStore\FileRepository\iigd_dch.inf_amd64_4b31d9b38e2bb506\igdgmm64.dll
0x000000005bb30000 - 0x000000005bb73000 	C:\Program Files\Java\jdk1.8.0_60\jre\bin\glass.dll
0x00007ffda5c40000 - 0x00007ffda5d1a000 	C:\Windows\System32\COMDLG32.dll
0x00007ffda6c20000 - 0x00007ffda6d35000 	C:\Windows\System32\MSCTF.dll
0x00007ffda52c0000 - 0x00007ffda5342000 	C:\Windows\System32\bcryptPrimitives.dll
0x00007ffd8d5f0000 - 0x00007ffd8d617000 	C:\Windows\System32\DriverStore\FileRepository\iigd_dch.inf_amd64_4b31d9b38e2bb506\igdinfo64.dll
0x00007ffda4490000 - 0x00007ffda44a8000 	C:\Windows\SYSTEM32\CRYPTSP.dll
0x00007ffda3bc0000 - 0x00007ffda3bf4000 	C:\Windows\system32\rsaenh.dll
0x00007ffda44b0000 - 0x00007ffda44bc000 	C:\Windows\SYSTEM32\CRYPTBASE.dll
0x00007ffd930c0000 - 0x00007ffd95e4f000 	C:\Windows\System32\DriverStore\FileRepository\iigd_dch.inf_amd64_4b31d9b38e2bb506\igc64.dll
0x00007ffd9b150000 - 0x00007ffd9b18b000 	C:\Windows\SYSTEM32\dxcore.dll
0x000000005c9d0000 - 0x000000005c9ea000 	C:\Program Files\Java\jdk1.8.0_60\jre\bin\net.dll
0x00007ffda42a0000 - 0x00007ffda430a000 	C:\Windows\system32\mswsock.dll
0x00007ffda3fd0000 - 0x00007ffda409b000 	C:\Windows\SYSTEM32\DNSAPI.dll
0x00007ffda3f90000 - 0x00007ffda3fcb000 	C:\Windows\SYSTEM32\IPHLPAPI.DLL
0x00007ffda5630000 - 0x00007ffda5638000 	C:\Windows\System32\NSI.dll
0x000000005dd40000 - 0x000000005dd66000 	C:\Program Files\Bonjour\mdnsNSP.dll
0x00007ffd9bf20000 - 0x00007ffd9bf2a000 	C:\Windows\System32\rasadhlp.dll
0x00007ffd9b210000 - 0x00007ffd9b290000 	C:\Windows\System32\fwpuclnt.dll
0x000000005bb10000 - 0x000000005bb24000 	C:\Program Files\Java\jdk1.8.0_60\jre\bin\javafx_font.dll
0x00007ffd8fc30000 - 0x00007ffd8feaf000 	C:\Windows\SYSTEM32\dwrite.dll
0x000000005bae0000 - 0x000000005bb03000 	C:\Program Files\Java\jdk1.8.0_60\jre\bin\javafx_iio.dll
0x00007ffda5640000 - 0x00007ffda56e9000 	C:\Windows\System32\clbcatq.dll
0x00007ffd9dc80000 - 0x00007ffd9de34000 	C:\Windows\SYSTEM32\WindowsCodecs.dll
0x00007ffd794c0000 - 0x00007ffd794fe000 	C:\Windows\system32\dataexchange.dll
0x00007ffda0550000 - 0x00007ffda07b3000 	C:\Windows\system32\d3d11.dll
0x00007ffda1530000 - 0x00007ffda1713000 	C:\Windows\system32\dcomp.dll
0x00007ffda3480000 - 0x00007ffda3573000 	C:\Windows\system32\dxgi.dll
0x00007ffd9e200000 - 0x00007ffd9e400000 	C:\Windows\system32\twinapi.appcore.dll
0x00007ffd8e9d0000 - 0x00007ffd8ea04000 	C:\Program Files\Common Files\Microsoft Shared\Ink\rtscom.dll
0x00007ffd98c20000 - 0x00007ffd98d19000 	C:\Windows\SYSTEM32\textinputframework.dll
0x00007ffda1aa0000 - 0x00007ffda1dfe000 	C:\Windows\System32\CoreUIComponents.dll
0x00007ffda1e00000 - 0x00007ffda1ef2000 	C:\Windows\System32\CoreMessaging.dll
0x00007ffda1280000 - 0x00007ffda13d4000 	C:\Windows\SYSTEM32\wintypes.dll
0x00007ffda3ce0000 - 0x00007ffda3d13000 	C:\Windows\SYSTEM32\ntmarta.dll
0x000000005bac0000 - 0x000000005bad1000 	C:\Program Files\Java\jdk1.8.0_60\jre\bin\prism_common.dll
0x00007ffda4a80000 - 0x00007ffda4aae000 	C:\Windows\SYSTEM32\USERENV.dll
0x00007ffd9e5d0000 - 0x00007ffd9e5e7000 	C:\Windows\SYSTEM32\dhcpcsvc6.DLL
0x00007ffd9e5b0000 - 0x00007ffd9e5cd000 	C:\Windows\SYSTEM32\dhcpcsvc.DLL
0x000000005c9b0000 - 0x000000005c9c1000 	C:\Program Files\Java\jdk1.8.0_60\jre\bin\nio.dll
0x000000005c810000 - 0x000000005c9a8000 	C:\Program Files\Java\jdk1.8.0_60\jre\bin\awt.dll
0x00007ffda2140000 - 0x00007ffda21d0000 	C:\Windows\SYSTEM32\apphelp.dll

VM Arguments:
jvm_args: -Dfile.encoding=UTF-8 
java_command: pidevAuth.LoginMain
java_class_path (initial): C:\Program Files\NetBeans 8.2\ide\modules\ext\mysql-connector-java-5.1.23-bin.jar;C:\Users\MediaStudio\Downloads\core-3.2.1.jar;C:\Users\MediaStudio\Documents\NetBeansProjects\Project_malek\poi-bin-5.2.3\poi-5.2.3.jar;C:\Users\MediaStudio\Documents\NetBeansProjects\Project_malek\poi-bin-5.2.3\poi-examples-5.2.3.jar;C:\Users\MediaStudio\Documents\NetBeansProjects\Project_malek\poi-bin-5.2.3\poi-excelant-5.2.3.jar;C:\Users\MediaStudio\Documents\NetBeansProjects\Project_malek\poi-bin-5.2.3\poi-javadoc-5.2.3.jar;C:\Users\MediaStudio\Documents\NetBeansProjects\Project_malek\poi-bin-5.2.3\poi-ooxml-5.2.3.jar;C:\Users\MediaStudio\Documents\NetBeansProjects\Project_malek\poi-bin-5.2.3\poi-ooxml-full-5.2.3.jar;C:\Users\MediaStudio\Documents\NetBeansProjects\Project_malek\poi-bin-5.2.3\poi-ooxml-lite-5.2.3.jar;C:\Users\MediaStudio\Documents\NetBeansProjects\Project_malek\poi-bin-5.2.3\poi-scratchpad-5.2.3.jar;C:\Users\MediaStudio\Documents\NetBeansProjects\Project_malek\controlsfx-8.40.15.jar;C:\Users\MediaStudio\Documents\NetBeansProjects\Project_malek\spring-security-crypto-5.8.1.jar;C:\Users\MediaStudio\Desktop\yy\javax.mail-1.6.2.jar;C:\Users\MediaStudio\Desktop\yy\javax.mail-api-1.6.2.jar;C:\Users\MediaStudio\Desktop\yy\javamail-1.4.4\lib\dsn.jar;C:\Users\MediaStudio\Desktop\yy\javamail-1.4.4\lib\imap.jar;C:\Users\MediaStudio\Desktop\yy\javamail-1.4.4\lib\mailapi.jar;C:\Users\MediaStudio\Desktop\yy\javamail-1.4.4\lib\pop3.jar;C:\Users\MediaStudio\Desktop\yy\javamail-1.4.4\lib\smtp.jar;C:\Users\MediaStudio\Documents\NetBeansProjects\Project_malek\miaoui\gson-2.10.1.jar;C:\Users\MediaStudio\Documents\NetBeansProjects\Project_malek\miaoui\itext-1.3.1.jar;C:\Users\MediaStudio\Documents\NetBeansProjects\Project_malek\miaoui\stripe-java-22.11.0.jar;C:\Users\MediaStudio\Documents\NetBeansProjects\Project_malek\miaoui\itextpdf-5.5.9.jar;C:\Users\MediaStudio\Documents\NetBeansProjects\Project_malek\build\classes
Launcher Type: SUN_STANDARD

Environment Variables:
PATH=C:\oraclexe\app\oracle\product\11.2.0\server\bin;C:\ProgramData\Oracle\Java\javapath;C:\Program Files\Java\jdk1.8.0_60\bin;C:\Program Files (x86)\VMware\VMware Workstation\bin\;C:\Windows\system32;C:\Windows;C:\Windows\System32\Wbem;C:\Windows\System32\WindowsPowerShell\v1.0\;C:\Windows\System32\OpenSSH\;C:\Program Files\Git\cmd;C:\ProgramData\ComposerSetup\bin;C:\Users\MediaStudio\scoop\shims;C:\Users\MediaStudio\AppData\Local\Microsoft\WindowsApps;C:\xampp\php;C:\Users\MediaStudio\AppData\Local\Programs\Microsoft VS Code\bin;C:\Users\MediaStudio\AppData\Roaming\Composer\vendor\bin;C:\xampp\php;
USERNAME=MediaStudio
OS=Windows_NT
PROCESSOR_IDENTIFIER=Intel64 Family 6 Model 142 Stepping 12, GenuineIntel



---------------  S Y S T E M  ---------------

OS: Windows 10.0 , 64 bit Build 19041 (10.0.19041.2546)

CPU:total 8 (4 cores per cpu, 2 threads per core) family 6 model 142 stepping 12, cmov, cx8, fxsr, mmx, sse, sse2, sse3, ssse3, sse4.1, sse4.2, popcnt, avx, avx2, aes, clmul, erms, 3dnowpref, lzcnt, ht, tsc, tscinvbit, bmi1, bmi2, adx

Memory: 4k page, physical 12412604k(3528384k free), swap 12412604k(5684k free)

vm_info: Java HotSpot(TM) 64-Bit Server VM (25.60-b23) for windows-amd64 JRE (1.8.0_60-b27), built on Aug  4 2015 11:06:27 by "java_re" with MS VC++ 10.0 (VS2010)

time: Thu Mar 09 01:07:26 2023
elapsed time: 16 seconds (0d 0h 0m 16s)

