#
# There is insufficient memory for the Java Runtime Environment to continue.
# Native memory allocation (malloc) failed to allocate 499776 bytes for Chunk::new
# Possible reasons:
#   The system is out of physical RAM or swap space
#   In 32 bit mode, the process size limit was hit
# Possible solutions:
#   Reduce memory load on the system
#   Increase physical memory or swap space
#   Check if swap backing store is full
#   Use 64 bit Java on a 64 bit OS
#   Decrease Java heap size (-Xmx/-Xms)
#   Decrease number of Java threads
#   Decrease Java thread stack sizes (-Xss)
#   Set larger code cache with -XX:ReservedCodeCacheSize=
# This output file may be truncated or incomplete.
#
#  Out of Memory Error (allocation.cpp:390), pid=14836, tid=8496
#
# JRE version: Java(TM) SE Runtime Environment (8.0_60-b27) (build 1.8.0_60-b27)
# Java VM: Java HotSpot(TM) 64-Bit Server VM (25.60-b23 mixed mode windows-amd64 compressed oops)
# Failed to write core dump. Minidumps are not enabled by default on client versions of Windows
#

---------------  T H R E A D  ---------------

Current thread (0x000000001b9a2000):  JavaThread "C2 CompilerThread0" daemon [_thread_in_native, id=8496, stack(0x000000001bf70000,0x000000001c070000)]

Stack: [0x000000001bf70000,0x000000001c070000]
[error occurred during error reporting (printing stack bounds), id 0xc0000005]

Native frames: (J=compiled Java code, j=interpreted, Vv=VM code, C=native code)


Current CompileTask:
C2:  55326 4723       4       com.sun.javafx.css.CompoundSelector::stateMatches (193 bytes)


---------------  P R O C E S S  ---------------

Java Threads: ( => current thread )
  0x0000000022654000 JavaThread "Java2D Disposer" daemon [_thread_blocked, id=16084, stack(0x000000002a6f0000,0x000000002a7f0000)]
  0x0000000022079800 JavaThread "Abandoned connection cleanup thread" daemon [_thread_blocked, id=2396, stack(0x00000000263f0000,0x00000000264f0000)]
  0x000000001cbaf800 JavaThread "Prism Font Disposer" daemon [_thread_blocked, id=11780, stack(0x00000000252e0000,0x00000000253e0000)]
  0x000000001cb3e800 JavaThread "Thread-3" daemon [_thread_in_native, id=15496, stack(0x0000000021d10000,0x0000000021e10000)]
  0x000000001caaa000 JavaThread "JavaFX-Launcher" [_thread_blocked, id=8216, stack(0x0000000021e10000,0x0000000021f10000)]
  0x000000001cab0800 JavaThread "JavaFX Application Thread" [_thread_in_native, id=15336, stack(0x000000001d140000,0x000000001d240000)]
  0x000000001ca7d800 JavaThread "Thread-1" daemon [_thread_blocked, id=4448, stack(0x000000001d040000,0x000000001d140000)]
  0x000000001ca54000 JavaThread "QuantumRenderer-0" daemon [_thread_blocked, id=1476, stack(0x000000001cd70000,0x000000001ce70000)]
  0x000000001987e800 JavaThread "Service Thread" daemon [_thread_blocked, id=5256, stack(0x000000001c370000,0x000000001c470000)]
  0x0000000019879000 JavaThread "C1 CompilerThread3" daemon [_thread_blocked, id=13448, stack(0x000000001c270000,0x000000001c370000)]
  0x000000001b9a7800 JavaThread "C2 CompilerThread2" daemon [_thread_blocked, id=6108, stack(0x000000001c170000,0x000000001c270000)]
  0x000000001b9a6000 JavaThread "C2 CompilerThread1" daemon [_thread_blocked, id=10600, stack(0x000000001c070000,0x000000001c170000)]
=>0x000000001b9a2000 JavaThread "C2 CompilerThread0" daemon [_thread_in_native, id=8496, stack(0x000000001bf70000,0x000000001c070000)]
  0x000000001b99f800 JavaThread "Attach Listener" daemon [_thread_blocked, id=15224, stack(0x000000001be70000,0x000000001bf70000)]
  0x000000001b99e800 JavaThread "Signal Dispatcher" daemon [_thread_blocked, id=6940, stack(0x000000001bd70000,0x000000001be70000)]
  0x000000000241d000 JavaThread "Finalizer" daemon [_thread_blocked, id=4712, stack(0x000000001b740000,0x000000001b840000)]
  0x000000001986d000 JavaThread "Reference Handler" daemon [_thread_blocked, id=14944, stack(0x000000001b640000,0x000000001b740000)]
  0x0000000002324800 JavaThread "main" [_thread_blocked, id=12184, stack(0x0000000002220000,0x0000000002320000)]

Other Threads:
  0x0000000019869000 VMThread [stack: 0x000000001b540000,0x000000001b640000] [id=12472]
  0x000000001ba63800 WatcherThread [stack: 0x000000001c470000,0x000000001c570000] [id=1616]

VM state:not at safepoint (normal execution)

VM Mutex/Monitor currently owned by a thread: None

Heap:
 PSYoungGen      total 168960K, used 139982K [0x0000000780d80000, 0x0000000798200000, 0x00000007c0000000)
  eden space 30720K, 6% used [0x0000000780d80000,0x0000000780f7c568,0x0000000782b80000)
  from space 138240K, 99% used [0x000000078c900000,0x0000000794fb7390,0x0000000795000000)
  to   space 161280K, 0% used [0x0000000782b80000,0x0000000782b80000,0x000000078c900000)
 ParOldGen       total 241152K, used 137554K [0x0000000702800000, 0x0000000711380000, 0x0000000780d80000)
  object space 241152K, 57% used [0x0000000702800000,0x000000070ae54b00,0x0000000711380000)
 Metaspace       used 24671K, capacity 25654K, committed 25728K, reserved 1071104K
  class space    used 3159K, capacity 3384K, committed 3456K, reserved 1048576K

Card table byte_map: [0x00000000117e0000,0x0000000011dd0000] byte_map_base: 0x000000000dfcc000

Marking Bits: (ParMarkBitMap*) 0x000000006e18a5b0
 Begin Bits: [0x00000000129d0000, 0x0000000015930000)
 End Bits:   [0x0000000015930000, 0x0000000018890000)

Polling page: 0x00000000009d0000

CodeCache: size=245760Kb used=13252Kb max_used=13543Kb free=232508Kb
 bounds [0x0000000002420000, 0x0000000003170000, 0x0000000011420000]
 total_blobs=5061 nmethods=4235 adapters=736
 compilation: enabled

Compilation events (10 events):
Event: 55.290 Thread 0x0000000019879000 nmethod 4721 0x00000000027d3c50 code [0x00000000027d3dc0, 0x00000000027d40a8]
Event: 55.290 Thread 0x0000000019879000 4722       3       javafx.scene.shape.Shape$StyleableProperties$4::isSettable (9 bytes)
Event: 55.291 Thread 0x0000000019879000 nmethod 4722 0x00000000027e85d0 code [0x00000000027e8740, 0x00000000027e8a50]
Event: 55.291 Thread 0x0000000019879000 4724       1       javafx.scene.effect.DropShadow::access$000 (5 bytes)
Event: 55.291 Thread 0x0000000019879000 nmethod 4724 0x0000000002e49150 code [0x0000000002e492a0, 0x0000000002e49390]
Event: 55.292 Thread 0x0000000019879000 4726       3       com.sun.prism.impl.BaseGraphics::getAssociatedScreen (8 bytes)
Event: 55.293 Thread 0x0000000019879000 nmethod 4726 0x0000000002d11690 code [0x0000000002d117e0, 0x0000000002d119d0]
Event: 55.293 Thread 0x0000000019879000 4727       3       com.sun.scenario.effect.ImageData::unref (103 bytes)
Event: 55.294 Thread 0x0000000019879000 nmethod 4727 0x0000000002993a90 code [0x0000000002993c80, 0x00000000029945a8]
Event: 55.298 Thread 0x000000001b9a7800 nmethod 4725 0x00000000025c7990 code [0x00000000025c7b20, 0x00000000025c7e78]

GC Heap History (10 events):
Event: 45.199 GC heap before
{Heap before GC invocations=11 (full 3):
 PSYoungGen      total 102912K, used 44367K [0x0000000780d80000, 0x000000078e100000, 0x00000007c0000000)
  eden space 45568K, 97% used [0x0000000780d80000,0x00000007838d3c50,0x0000000783a00000)
  from space 57344K, 0% used [0x0000000783a00000,0x0000000783a00000,0x0000000787200000)
  to   space 81920K, 0% used [0x0000000789100000,0x0000000789100000,0x000000078e100000)
 ParOldGen       total 241152K, used 49416K [0x0000000702800000, 0x0000000711380000, 0x0000000780d80000)
  object space 241152K, 20% used [0x0000000702800000,0x00000007058421f0,0x0000000711380000)
 Metaspace       used 24287K, capacity 25236K, committed 25472K, reserved 1071104K
  class space    used 3151K, capacity 3371K, committed 3456K, reserved 1048576K
Event: 45.210 GC heap after
Heap after GC invocations=11 (full 3):
 PSYoungGen      total 135680K, used 43391K [0x0000000780d80000, 0x000000078ed00000, 0x00000007c0000000)
  eden space 53760K, 0% used [0x0000000780d80000,0x0000000780d80000,0x0000000784200000)
  from space 81920K, 52% used [0x0000000789100000,0x000000078bb5ff68,0x000000078e100000)
  to   space 80896K, 0% used [0x0000000784200000,0x0000000784200000,0x0000000789100000)
 ParOldGen       total 241152K, used 49424K [0x0000000702800000, 0x0000000711380000, 0x0000000780d80000)
  object space 241152K, 20% used [0x0000000702800000,0x00000007058441f0,0x0000000711380000)
 Metaspace       used 24287K, capacity 25236K, committed 25472K, reserved 1071104K
  class space    used 3151K, capacity 3371K, committed 3456K, reserved 1048576K
}
Event: 48.869 GC heap before
{Heap before GC invocations=12 (full 3):
 PSYoungGen      total 135680K, used 96080K [0x0000000780d80000, 0x000000078ed00000, 0x00000007c0000000)
  eden space 53760K, 98% used [0x0000000780d80000,0x00000007840f41d8,0x0000000784200000)
  from space 81920K, 52% used [0x0000000789100000,0x000000078bb5ff68,0x000000078e100000)
  to   space 80896K, 0% used [0x0000000784200000,0x0000000784200000,0x0000000789100000)
 ParOldGen       total 241152K, used 49424K [0x0000000702800000, 0x0000000711380000, 0x0000000780d80000)
  object space 241152K, 20% used [0x0000000702800000,0x00000007058441f0,0x0000000711380000)
 Metaspace       used 24470K, capacity 25398K, committed 25472K, reserved 1071104K
  class space    used 3158K, capacity 3384K, committed 3456K, reserved 1048576K
Event: 48.880 GC heap after
Heap after GC invocations=12 (full 3):
 PSYoungGen      total 134656K, used 80802K [0x0000000780d80000, 0x0000000790800000, 0x00000007c0000000)
  eden space 53760K, 0% used [0x0000000780d80000,0x0000000780d80000,0x0000000784200000)
  from space 80896K, 99% used [0x0000000784200000,0x00000007890e8ab0,0x0000000789100000)
  to   space 94720K, 0% used [0x000000078ab80000,0x000000078ab80000,0x0000000790800000)
 ParOldGen       total 241152K, used 55576K [0x0000000702800000, 0x0000000711380000, 0x0000000780d80000)
  object space 241152K, 23% used [0x0000000702800000,0x0000000705e46250,0x0000000711380000)
 Metaspace       used 24470K, capacity 25398K, committed 25472K, reserved 1071104K
  class space    used 3158K, capacity 3384K, committed 3456K, reserved 1048576K
}
Event: 50.430 GC heap before
{Heap before GC invocations=13 (full 3):
 PSYoungGen      total 134656K, used 134543K [0x0000000780d80000, 0x0000000790800000, 0x00000007c0000000)
  eden space 53760K, 99% used [0x0000000780d80000,0x00000007841fb4e0,0x0000000784200000)
  from space 80896K, 99% used [0x0000000784200000,0x00000007890e8ab0,0x0000000789100000)
  to   space 94720K, 0% used [0x000000078ab80000,0x000000078ab80000,0x0000000790800000)
 ParOldGen       total 241152K, used 55576K [0x0000000702800000, 0x0000000711380000, 0x0000000780d80000)
  object space 241152K, 23% used [0x0000000702800000,0x0000000705e46250,0x0000000711380000)
 Metaspace       used 24554K, capacity 25526K, committed 25728K, reserved 1071104K
  class space    used 3158K, capacity 3384K, committed 3456K, reserved 1048576K
Event: 50.455 GC heap after
Heap after GC invocations=13 (full 3):
 PSYoungGen      total 137728K, used 94697K [0x0000000780d80000, 0x0000000793800000, 0x00000007c0000000)
  eden space 43008K, 0% used [0x0000000780d80000,0x0000000780d80000,0x0000000783780000)
  from space 94720K, 99% used [0x000000078ab80000,0x00000007907fa720,0x0000000790800000)
  to   space 118784K, 0% used [0x0000000783780000,0x0000000783780000,0x000000078ab80000)
 ParOldGen       total 241152K, used 79446K [0x0000000702800000, 0x0000000711380000, 0x0000000780d80000)
  object space 241152K, 32% used [0x0000000702800000,0x0000000707595a60,0x0000000711380000)
 Metaspace       used 24554K, capacity 25526K, committed 25728K, reserved 1071104K
  class space    used 3158K, capacity 3384K, committed 3456K, reserved 1048576K
}
Event: 52.463 GC heap before
{Heap before GC invocations=14 (full 3):
 PSYoungGen      total 137728K, used 137329K [0x0000000780d80000, 0x0000000793800000, 0x00000007c0000000)
  eden space 43008K, 99% used [0x0000000780d80000,0x0000000783721f68,0x0000000783780000)
  from space 94720K, 99% used [0x000000078ab80000,0x00000007907fa720,0x0000000790800000)
  to   space 118784K, 0% used [0x0000000783780000,0x0000000783780000,0x000000078ab80000)
 ParOldGen       total 241152K, used 79446K [0x0000000702800000, 0x0000000711380000, 0x0000000780d80000)
  object space 241152K, 32% used [0x0000000702800000,0x0000000707595a60,0x0000000711380000)
 Metaspace       used 24608K, capacity 25654K, committed 25728K, reserved 1071104K
  class space    used 3158K, capacity 3384K, committed 3456K, reserved 1048576K
Event: 52.478 GC heap after
Heap after GC invocations=14 (full 3):
 PSYoungGen      total 161792K, used 118556K [0x0000000780d80000, 0x0000000795000000, 0x00000007c0000000)
  eden space 43008K, 0% used [0x0000000780d80000,0x0000000780d80000,0x0000000783780000)
  from space 118784K, 99% used [0x0000000783780000,0x000000078ab472c0,0x000000078ab80000)
  to   space 138240K, 0% used [0x000000078c900000,0x000000078c900000,0x0000000795000000)
 ParOldGen       total 241152K, used 93790K [0x0000000702800000, 0x0000000711380000, 0x0000000780d80000)
  object space 241152K, 38% used [0x0000000702800000,0x0000000708397ac0,0x0000000711380000)
 Metaspace       used 24608K, capacity 25654K, committed 25728K, reserved 1071104K
  class space    used 3158K, capacity 3384K, committed 3456K, reserved 1048576K
}
Event: 52.816 GC heap before
{Heap before GC invocations=15 (full 3):
 PSYoungGen      total 161792K, used 161564K [0x0000000780d80000, 0x0000000795000000, 0x00000007c0000000)
  eden space 43008K, 100% used [0x0000000780d80000,0x0000000783780000,0x0000000783780000)
  from space 118784K, 99% used [0x0000000783780000,0x000000078ab472c0,0x000000078ab80000)
  to   space 138240K, 0% used [0x000000078c900000,0x000000078c900000,0x0000000795000000)
 ParOldGen       total 241152K, used 118090K [0x0000000702800000, 0x0000000711380000, 0x0000000780d80000)
  object space 241152K, 48% used [0x0000000702800000,0x0000000709b52ad0,0x0000000711380000)
 Metaspace       used 24642K, capacity 25654K, committed 25728K, reserved 1071104K
  class space    used 3158K, capacity 3384K, committed 3456K, reserved 1048576K
Event: 52.837 GC heap after
Heap after GC invocations=15 (full 3):
 PSYoungGen      total 168960K, used 137948K [0x0000000780d80000, 0x0000000798200000, 0x00000007c0000000)
  eden space 30720K, 0% used [0x0000000780d80000,0x0000000780d80000,0x0000000782b80000)
  from space 138240K, 99% used [0x000000078c900000,0x0000000794fb7390,0x0000000795000000)
  to   space 161280K, 0% used [0x0000000782b80000,0x0000000782b80000,0x000000078c900000)
 ParOldGen       total 241152K, used 137554K [0x0000000702800000, 0x0000000711380000, 0x0000000780d80000)
  object space 241152K, 57% used [0x0000000702800000,0x000000070ae54b00,0x0000000711380000)
 Metaspace       used 24642K, capacity 25654K, committed 25728K, reserved 1071104K
  class space    used 3158K, capacity 3384K, committed 3456K, reserved 1048576K
}

Deoptimization events (10 events):
Event: 31.832 Thread 0x000000001cab0800 Uncommon trap: reason=class_check action=maybe_recompile pc=0x00000000027858f0 method=java.io.FilterInputStream.read()I @ 4
Event: 31.832 Thread 0x000000001cab0800 Uncommon trap: reason=class_check action=maybe_recompile pc=0x00000000027858f0 method=java.io.FilterInputStream.read()I @ 4
Event: 31.832 Thread 0x000000001cab0800 Uncommon trap: reason=class_check action=maybe_recompile pc=0x00000000027858f0 method=java.io.FilterInputStream.read()I @ 4
Event: 31.832 Thread 0x000000001cab0800 Uncommon trap: reason=class_check action=maybe_recompile pc=0x00000000027858f0 method=java.io.FilterInputStream.read()I @ 4
Event: 31.832 Thread 0x000000001cab0800 Uncommon trap: reason=unstable_if action=reinterpret pc=0x0000000002c98f4c method=com.sun.javafx.iio.png.PNGImageLoader2.copy([B[BIII)V @ 10
Event: 34.994 Thread 0x000000001cab0800 Uncommon trap: reason=null_check action=make_not_entrant pc=0x0000000002e36be8 method=javafx.scene.Node$MiscProperties.getEffect()Ljavafx/scene/effect/Effect; @ 20
Event: 42.078 Thread 0x000000001cab0800 Uncommon trap: reason=array_check action=maybe_recompile pc=0x0000000002f69198 method=com.sun.javafx.css.CompoundSelector.applies(Ljavafx/css/Styleable;[Ljava/util/Set;I)Z @ 128
Event: 42.078 Thread 0x000000001cab0800 Uncommon trap: reason=array_check action=maybe_recompile pc=0x0000000002f69198 method=com.sun.javafx.css.CompoundSelector.applies(Ljavafx/css/Styleable;[Ljava/util/Set;I)Z @ 128
Event: 42.078 Thread 0x000000001cab0800 Uncommon trap: reason=array_check action=maybe_recompile pc=0x0000000002f69198 method=com.sun.javafx.css.CompoundSelector.applies(Ljavafx/css/Styleable;[Ljava/util/Set;I)Z @ 128
Event: 42.079 Thread 0x000000001cab0800 Uncommon trap: reason=array_check action=maybe_recompile pc=0x0000000002f69198 method=com.sun.javafx.css.CompoundSelector.applies(Ljavafx/css/Styleable;[Ljava/util/Set;I)Z @ 128

Internal exceptions (10 events):
Event: 2.663 Thread 0x000000001cab0800 Exception <a 'java/io/FileNotFoundException'> (0x0000000783b12268) thrown at [C:\re\workspace\8-2-build-windows-amd64-cygwin\jdk8u60\4407\hotspot\src\share\vm\prims\jni.cpp, line 709]
Event: 2.669 Thread 0x000000001cab0800 Exception <a 'java/io/FileNotFoundException'> (0x0000000783b41010) thrown at [C:\re\workspace\8-2-build-windows-amd64-cygwin\jdk8u60\4407\hotspot\src\share\vm\prims\jni.cpp, line 709]
Event: 6.161 Thread 0x000000001cab0800 Exception <a 'java/io/FileNotFoundException'> (0x00000007813c64d0) thrown at [C:\re\workspace\8-2-build-windows-amd64-cygwin\jdk8u60\4407\hotspot\src\share\vm\prims\jni.cpp, line 709]
Event: 29.189 Thread 0x000000001cab0800 Exception <a 'java/io/FileNotFoundException'> (0x00000007820527c0) thrown at [C:\re\workspace\8-2-build-windows-amd64-cygwin\jdk8u60\4407\hotspot\src\share\vm\prims\jni.cpp, line 709]
Event: 29.200 Thread 0x000000001cab0800 Exception <a 'java/io/FileNotFoundException'> (0x00000007820643f0) thrown at [C:\re\workspace\8-2-build-windows-amd64-cygwin\jdk8u60\4407\hotspot\src\share\vm\prims\jni.cpp, line 709]
Event: 34.994 Thread 0x000000001cab0800 Implicit null exception at 0x0000000002e36533 to 0x0000000002e36bcd
Event: 52.891 Thread 0x000000001ca54000 Implicit null exception at 0x0000000002f3c94b to 0x0000000002f3d3d2
Event: 52.891 Thread 0x000000001ca54000 Exception <a 'java/lang/NullPointerException'> (0x0000000780eb5e70) thrown at [C:\re\workspace\8-2-build-windows-amd64-cygwin\jdk8u60\4407\hotspot\src\share\vm\runtime\sharedRuntime.cpp, line 605]
Event: 52.902 Thread 0x000000001ca54000 Implicit null exception at 0x00000000030a6da6 to 0x00000000030a6ebe
Event: 52.902 Thread 0x000000001ca54000 Exception <a 'java/lang/NullPointerException'> (0x0000000780ec6558) thrown at [C:\re\workspace\8-2-build-windows-amd64-cygwin\jdk8u60\4407\hotspot\src\share\vm\runtime\sharedRuntime.cpp, line 605]

Events (10 events):
Event: 54.355 Thread 0x0000000019879000 flushing nmethod 0x00000000029df6d0
Event: 54.355 Thread 0x0000000019879000 flushing nmethod 0x00000000029e0e50
Event: 54.355 Thread 0x0000000019879000 flushing nmethod 0x00000000029f7810
Event: 54.356 Thread 0x000000001b9a6000 flushing nmethod 0x0000000002a6f550
Event: 54.356 Thread 0x000000001b9a6000 flushing nmethod 0x0000000002ab8750
Event: 54.356 Thread 0x000000001b9a6000 flushing nmethod 0x0000000002ab8a90
Event: 54.853 Thread 0x0000000019879000 flushing nmethod 0x0000000002bcee50
Event: 54.853 Thread 0x0000000019879000 flushing nmethod 0x0000000002d11690
Event: 54.854 Thread 0x0000000019879000 flushing nmethod 0x0000000002e49150
Event: 55.287 Thread 0x0000000019879000 flushing nmethod 0x0000000002f67110


Dynamic libraries:
0x00007ff710c70000 - 0x00007ff710ca7000 	C:\Program Files\Java\jdk1.8.0_60\bin\java.exe
0x00007ffcdcaf0000 - 0x00007ffcdcce8000 	C:\Windows\SYSTEM32\ntdll.dll
0x00007ffcdbf50000 - 0x00007ffcdc00f000 	C:\Windows\System32\KERNEL32.DLL
0x00007ffcda4b0000 - 0x00007ffcda78a000 	C:\Windows\System32\KERNELBASE.dll
0x00007ffcdbc70000 - 0x00007ffcdbd1e000 	C:\Windows\System32\ADVAPI32.dll
0x00007ffcdc200000 - 0x00007ffcdc29e000 	C:\Windows\System32\msvcrt.dll
0x00007ffcdb700000 - 0x00007ffcdb79c000 	C:\Windows\System32\sechost.dll
0x00007ffcdc0c0000 - 0x00007ffcdc1e6000 	C:\Windows\System32\RPCRT4.dll
0x00007ffcdbd20000 - 0x00007ffcdbebd000 	C:\Windows\System32\USER32.dll
0x00007ffcdab20000 - 0x00007ffcdab42000 	C:\Windows\System32\win32u.dll
0x00007ffcdc9d0000 - 0x00007ffcdc9fb000 	C:\Windows\System32\GDI32.dll
0x00007ffcda790000 - 0x00007ffcda8a0000 	C:\Windows\System32\gdi32full.dll
0x00007ffcda8a0000 - 0x00007ffcda93d000 	C:\Windows\System32\msvcp_win.dll
0x00007ffcda200000 - 0x00007ffcda300000 	C:\Windows\System32\ucrtbase.dll
0x00007ffcc4f40000 - 0x00007ffcc51da000 	C:\Windows\WinSxS\amd64_microsoft.windows.common-controls_6595b64144ccf1df_6.0.19041.1110_none_60b5254171f9507e\COMCTL32.dll
0x00007ffcdb7a0000 - 0x00007ffcdb7d0000 	C:\Windows\System32\IMM32.DLL
0x000000006d8a0000 - 0x000000006d972000 	C:\Program Files\Java\jdk1.8.0_60\jre\bin\msvcr100.dll
0x000000006d980000 - 0x000000006e209000 	C:\Program Files\Java\jdk1.8.0_60\jre\bin\server\jvm.dll
0x00007ffcdc9c0000 - 0x00007ffcdc9c8000 	C:\Windows\System32\PSAPI.DLL
0x00007ffcd5b30000 - 0x00007ffcd5b57000 	C:\Windows\SYSTEM32\WINMM.dll
0x00007ffcd4a30000 - 0x00007ffcd4a39000 	C:\Windows\SYSTEM32\WSOCK32.dll
0x00007ffcd3aa0000 - 0x00007ffcd3aaa000 	C:\Windows\SYSTEM32\VERSION.dll
0x00007ffcdbee0000 - 0x00007ffcdbf4b000 	C:\Windows\System32\WS2_32.dll
0x000000006d850000 - 0x000000006d85f000 	C:\Program Files\Java\jdk1.8.0_60\jre\bin\verify.dll
0x000000006d820000 - 0x000000006d849000 	C:\Program Files\Java\jdk1.8.0_60\jre\bin\java.dll
0x000000006d800000 - 0x000000006d816000 	C:\Program Files\Java\jdk1.8.0_60\jre\bin\zip.dll
0x00007ffcdac80000 - 0x00007ffcdb3c4000 	C:\Windows\System32\SHELL32.dll
0x00007ffcd82c0000 - 0x00007ffcd8a53000 	C:\Windows\SYSTEM32\windows.storage.dll
0x00007ffcdb8a0000 - 0x00007ffcdbbf4000 	C:\Windows\System32\combase.dll
0x00007ffcd9c60000 - 0x00007ffcd9c8e000 	C:\Windows\SYSTEM32\Wldp.dll
0x00007ffcdc010000 - 0x00007ffcdc0bd000 	C:\Windows\System32\SHCORE.dll
0x00007ffcdc460000 - 0x00007ffcdc4b5000 	C:\Windows\System32\shlwapi.dll
0x00007ffcda140000 - 0x00007ffcda15f000 	C:\Windows\SYSTEM32\profapi.dll
0x00007ffca7dc0000 - 0x00007ffca7eaf000 	C:\Program Files\Java\jdk1.8.0_60\jre\bin\msvcr120.dll
0x00007ffca7350000 - 0x00007ffca73f6000 	C:\Program Files\Java\jdk1.8.0_60\jre\bin\msvcp120.dll
0x000000006d430000 - 0x000000006d453000 	C:\Program Files\Java\jdk1.8.0_60\jre\bin\prism_d3d.dll
0x00007ffcd1a80000 - 0x00007ffcd1c4d000 	C:\Windows\system32\d3d9.dll
0x00007ffcd80c0000 - 0x00007ffcd80d2000 	C:\Windows\SYSTEM32\kernel.appcore.dll
0x00007ffcd7dd0000 - 0x00007ffcd7dff000 	C:\Windows\SYSTEM32\dwmapi.dll
0x00007ffcd7b00000 - 0x00007ffcd7b9e000 	C:\Windows\system32\uxtheme.dll
0x00007ffca6910000 - 0x00007ffca6a75000 	C:\Windows\System32\DriverStore\FileRepository\iigd_dch.inf_amd64_4b31d9b38e2bb506\igdumdim64.dll
0x00007ffcdab50000 - 0x00007ffcdac7a000 	C:\Windows\System32\ole32.dll
0x00007ffc63b10000 - 0x00007ffc6779b000 	C:\Windows\System32\DriverStore\FileRepository\iigd_dch.inf_amd64_4b31d9b38e2bb506\igd9dxva64.dll
0x00007ffcdb7d0000 - 0x00007ffcdb89d000 	C:\Windows\System32\OLEAUT32.dll
0x00007ffcdc550000 - 0x00007ffcdc9b8000 	C:\Windows\System32\SETUPAPI.dll
0x00007ffcda970000 - 0x00007ffcda9be000 	C:\Windows\System32\cfgmgr32.dll
0x00007ffcda940000 - 0x00007ffcda967000 	C:\Windows\System32\bcrypt.dll
0x00007ffccf5c0000 - 0x00007ffccf8f6000 	C:\Windows\System32\DriverStore\FileRepository\iigd_dch.inf_amd64_4b31d9b38e2bb506\igdgmm64.dll
0x000000006d3e0000 - 0x000000006d423000 	C:\Program Files\Java\jdk1.8.0_60\jre\bin\glass.dll
0x00007ffcdc380000 - 0x00007ffcdc45a000 	C:\Windows\System32\COMDLG32.dll
0x00007ffcdb3d0000 - 0x00007ffcdb4e4000 	C:\Windows\System32\MSCTF.dll
0x00007ffcda370000 - 0x00007ffcda3f2000 	C:\Windows\System32\bcryptPrimitives.dll
0x00007ffcc9100000 - 0x00007ffcc9127000 	C:\Windows\System32\DriverStore\FileRepository\iigd_dch.inf_amd64_4b31d9b38e2bb506\igdinfo64.dll
0x00007ffcd9bb0000 - 0x00007ffcd9bc8000 	C:\Windows\SYSTEM32\CRYPTSP.dll
0x00007ffcd9200000 - 0x00007ffcd9234000 	C:\Windows\system32\rsaenh.dll
0x00007ffcd9bd0000 - 0x00007ffcd9bdc000 	C:\Windows\SYSTEM32\CRYPTBASE.dll
0x00007ffccc830000 - 0x00007ffccf5bf000 	C:\Windows\System32\DriverStore\FileRepository\iigd_dch.inf_amd64_4b31d9b38e2bb506\igc64.dll
0x00007ffcd3260000 - 0x00007ffcd329b000 	C:\Windows\SYSTEM32\dxcore.dll
0x000000006d380000 - 0x000000006d394000 	C:\Program Files\Java\jdk1.8.0_60\jre\bin\javafx_font.dll
0x00007ffcc7790000 - 0x00007ffcc7a0f000 	C:\Windows\SYSTEM32\dwrite.dll
0x00007ffcdca00000 - 0x00007ffcdcaa9000 	C:\Windows\System32\clbcatq.dll
0x00007ffcd4850000 - 0x00007ffcd4a04000 	C:\Windows\SYSTEM32\WindowsCodecs.dll
0x00007ffcc3fe0000 - 0x00007ffcc401e000 	C:\Windows\system32\dataexchange.dll
0x00007ffcd6310000 - 0x00007ffcd6573000 	C:\Windows\system32\d3d11.dll
0x00007ffcd6b40000 - 0x00007ffcd6d23000 	C:\Windows\system32\dcomp.dll
0x00007ffcd8ac0000 - 0x00007ffcd8bb3000 	C:\Windows\system32\dxgi.dll
0x00007ffcd4f80000 - 0x00007ffcd5180000 	C:\Windows\system32\twinapi.appcore.dll
0x00007ffcc58d0000 - 0x00007ffcc5904000 	C:\Program Files\Common Files\Microsoft Shared\Ink\rtscom.dll
0x00007ffcd1de0000 - 0x00007ffcd1ed9000 	C:\Windows\SYSTEM32\textinputframework.dll
0x00007ffcd7410000 - 0x00007ffcd7502000 	C:\Windows\System32\CoreMessaging.dll
0x00007ffcd70b0000 - 0x00007ffcd740e000 	C:\Windows\System32\CoreUIComponents.dll
0x00007ffcd93b0000 - 0x00007ffcd93e3000 	C:\Windows\SYSTEM32\ntmarta.dll
0x00007ffcd5d50000 - 0x00007ffcd5ea4000 	C:\Windows\SYSTEM32\wintypes.dll
0x000000006d7e0000 - 0x000000006d7fa000 	C:\Program Files\Java\jdk1.8.0_60\jre\bin\net.dll
0x00007ffcd99c0000 - 0x00007ffcd9a2a000 	C:\Windows\system32\mswsock.dll
0x00007ffcd96b0000 - 0x00007ffcd977b000 	C:\Windows\SYSTEM32\DNSAPI.dll
0x00007ffcd9660000 - 0x00007ffcd969c000 	C:\Windows\SYSTEM32\IPHLPAPI.DLL
0x00007ffcdc1f0000 - 0x00007ffcdc1f8000 	C:\Windows\System32\NSI.dll
0x000000006e550000 - 0x000000006e576000 	C:\Program Files\Bonjour\mdnsNSP.dll
0x00007ffcd14e0000 - 0x00007ffcd14ea000 	C:\Windows\System32\rasadhlp.dll
0x00007ffccfba0000 - 0x00007ffccfc20000 	C:\Windows\System32\fwpuclnt.dll
0x000000006d350000 - 0x000000006d373000 	C:\Program Files\Java\jdk1.8.0_60\jre\bin\javafx_iio.dll
0x000000006d330000 - 0x000000006d341000 	C:\Program Files\Java\jdk1.8.0_60\jre\bin\prism_common.dll
0x00007ffcda0c0000 - 0x00007ffcda0ee000 	C:\Windows\SYSTEM32\USERENV.dll
0x00007ffcd3220000 - 0x00007ffcd3237000 	C:\Windows\SYSTEM32\dhcpcsvc6.DLL
0x00007ffcd3200000 - 0x00007ffcd321d000 	C:\Windows\SYSTEM32\dhcpcsvc.DLL
0x000000006d7c0000 - 0x000000006d7d1000 	C:\Program Files\Java\jdk1.8.0_60\jre\bin\nio.dll
0x000000006d620000 - 0x000000006d7b8000 	C:\Program Files\Java\jdk1.8.0_60\jre\bin\awt.dll
0x00007ffcd7780000 - 0x00007ffcd7810000 	C:\Windows\SYSTEM32\apphelp.dll
0x00007ffcd53a0000 - 0x00007ffcd540a000 	C:\Windows\system32\Ninput.dll

VM Arguments:
jvm_args: -Dfile.encoding=UTF-8 
java_command: pidevAuth.Firstpagemain
java_class_path (initial): C:\Program Files\NetBeans 8.2\ide\modules\ext\mysql-connector-java-5.1.23-bin.jar;C:\Users\MediaStudio\Downloads\core-3.2.1.jar;C:\Users\MediaStudio\Documents\NetBeansProjects\Project_malek\poi-bin-5.2.3\poi-5.2.3.jar;C:\Users\MediaStudio\Documents\NetBeansProjects\Project_malek\poi-bin-5.2.3\poi-examples-5.2.3.jar;C:\Users\MediaStudio\Documents\NetBeansProjects\Project_malek\poi-bin-5.2.3\poi-excelant-5.2.3.jar;C:\Users\MediaStudio\Documents\NetBeansProjects\Project_malek\poi-bin-5.2.3\poi-javadoc-5.2.3.jar;C:\Users\MediaStudio\Documents\NetBeansProjects\Project_malek\poi-bin-5.2.3\poi-ooxml-5.2.3.jar;C:\Users\MediaStudio\Documents\NetBeansProjects\Project_malek\poi-bin-5.2.3\poi-ooxml-full-5.2.3.jar;C:\Users\MediaStudio\Documents\NetBeansProjects\Project_malek\poi-bin-5.2.3\poi-ooxml-lite-5.2.3.jar;C:\Users\MediaStudio\Documents\NetBeansProjects\Project_malek\poi-bin-5.2.3\poi-scratchpad-5.2.3.jar;C:\Users\MediaStudio\Documents\NetBeansProjects\Project_malek\controlsfx-8.40.15.jar;C:\Users\MediaStudio\Documents\NetBeansProjects\Project_malek\spring-security-crypto-5.8.1.jar;C:\Users\MediaStudio\Desktop\yy\javax.mail-1.6.2.jar;C:\Users\MediaStudio\Desktop\yy\javax.mail-api-1.6.2.jar;C:\Users\MediaStudio\Desktop\yy\javamail-1.4.4\lib\dsn.jar;C:\Users\MediaStudio\Desktop\yy\javamail-1.4.4\lib\imap.jar;C:\Users\MediaStudio\Desktop\yy\javamail-1.4.4\lib\mailapi.jar;C:\Users\MediaStudio\Desktop\yy\javamail-1.4.4\lib\pop3.jar;C:\Users\MediaStudio\Desktop\yy\javamail-1.4.4\lib\smtp.jar;C:\Users\MediaStudio\Documents\NetBeansProjects\Project_malek\miaoui\gson-2.10.1.jar;C:\Users\MediaStudio\Documents\NetBeansProjects\Project_malek\miaoui\itext-1.3.1.jar;C:\Users\MediaStudio\Documents\NetBeansProjects\Project_malek\miaoui\stripe-java-22.11.0.jar;C:\Users\MediaStudio\Documents\NetBeansProjects\Project_malek\miaoui\itextpdf-5.5.9.jar;C:\Users\MediaStudio\Documents\NetBeansProjects\Project_malek\TrayNotification-5393c3a54f.jar;C:\Users\MediaStudio\
Launcher Type: SUN_STANDARD

Environment Variables:
PATH=C:\oraclexe\app\oracle\product\11.2.0\server\bin;C:\ProgramData\Oracle\Java\javapath;C:\Program Files\Java\jdk1.8.0_60\bin;C:\Program Files (x86)\VMware\VMware Workstation\bin\;C:\Windows\system32;C:\Windows;C:\Windows\System32\Wbem;C:\Windows\System32\WindowsPowerShell\v1.0\;C:\Windows\System32\OpenSSH\;C:\Program Files\Git\cmd;C:\ProgramData\ComposerSetup\bin;C:\Program Files\nodejs\;C:\Users\MediaStudio\scoop\shims;C:\Users\MediaStudio\AppData\Local\Microsoft\WindowsApps;C:\xampp\php;C:\Users\MediaStudio\AppData\Local\Programs\Microsoft VS Code\bin;C:\Users\MediaStudio\AppData\Roaming\Composer\vendor\bin;C:\xampp\php;C:\Users\MediaStudio\AppData\Roaming\npm
USERNAME=MediaStudio
OS=Windows_NT
PROCESSOR_IDENTIFIER=Intel64 Family 6 Model 142 Stepping 12, GenuineIntel



---------------  S Y S T E M  ---------------

OS: Windows 10.0 , 64 bit Build 19041 (10.0.19041.2788)

CPU:total 8 (4 cores per cpu, 2 threads per core) family 6 model 142 stepping 12, cmov, cx8, fxsr, mmx, sse, sse2, sse3, ssse3, sse4.1, sse4.2, popcnt, avx, avx2, aes, clmul, erms, 3dnowpref, lzcnt, ht, tsc, tscinvbit, bmi1, bmi2, adx

Memory: 4k page, physical 12412604k(1464816k free), swap 12412604k(5180k free)

vm_info: Java HotSpot(TM) 64-Bit Server VM (25.60-b23) for windows-amd64 JRE (1.8.0_60-b27), built on Aug  4 2015 11:06:27 by "java_re" with MS VC++ 10.0 (VS2010)

time: Thu May 11 18:52:13 2023
elapsed time: 55 seconds (0d 0h 0m 55s)

