#
# There is insufficient memory for the Java Runtime Environment to continue.
# Native memory allocation (malloc) failed to allocate 634016 bytes for Chunk::new
# Possible reasons:
#   The system is out of physical RAM or swap space
#   In 32 bit mode, the process size limit was hit
# Possible solutions:
#   Reduce memory load on the system
#   Increase physical memory or swap space
#   Check if swap backing store is full
#   Use 64 bit Java on a 64 bit OS
#   Decrease Java heap size (-Xmx/-Xms)
#   Decrease number of Java threads
#   Decrease Java thread stack sizes (-Xss)
#   Set larger code cache with -XX:ReservedCodeCacheSize=
# This output file may be truncated or incomplete.
#
#  Out of Memory Error (allocation.cpp:390), pid=13708, tid=7940
#
# JRE version: Java(TM) SE Runtime Environment (8.0_60-b27) (build 1.8.0_60-b27)
# Java VM: Java HotSpot(TM) 64-Bit Server VM (25.60-b23 mixed mode windows-amd64 compressed oops)
# Failed to write core dump. Minidumps are not enabled by default on client versions of Windows
#

---------------  T H R E A D  ---------------

Current thread (0x000000001c279800):  JavaThread "C2 CompilerThread2" daemon [_thread_in_native, id=7940, stack(0x000000001ca40000,0x000000001cb40000)]

Stack: [0x000000001ca40000,0x000000001cb40000]
[error occurred during error reporting (printing stack bounds), id 0xc0000005]

Native frames: (J=compiled Java code, j=interpreted, Vv=VM code, C=native code)


Current CompileTask:
C2:  66091 4526       4       javafx.scene.CssStyleHelper::createStyleHelper (290 bytes)


---------------  P R O C E S S  ---------------

Java Threads: ( => current thread )
  0x000000001d252800 JavaThread "Java2D Disposer" daemon [_thread_blocked, id=9508, stack(0x000000002abd0000,0x000000002acd0000)]
  0x0000000022b08800 JavaThread "Abandoned connection cleanup thread" daemon [_thread_blocked, id=4368, stack(0x0000000026c40000,0x0000000026d40000)]
  0x0000000022aa2000 JavaThread "Prism Font Disposer" daemon [_thread_blocked, id=15692, stack(0x00000000242e0000,0x00000000243e0000)]
  0x000000001d3f6000 JavaThread "Thread-3" daemon [_thread_in_native, id=13476, stack(0x00000000225d0000,0x00000000226d0000)]
  0x000000001d3ea800 JavaThread "JavaFX-Launcher" [_thread_blocked, id=12248, stack(0x00000000226d0000,0x00000000227d0000)]
  0x000000001d367800 JavaThread "JavaFX Application Thread" [_thread_in_Java, id=11724, stack(0x000000001da00000,0x000000001db00000)]
  0x000000001d340800 JavaThread "Thread-1" daemon [_thread_blocked, id=6300, stack(0x000000001d900000,0x000000001da00000)]
  0x000000001d34e800 JavaThread "QuantumRenderer-0" daemon [_thread_blocked, id=5848, stack(0x000000001d640000,0x000000001d740000)]
  0x000000001c309000 JavaThread "Service Thread" daemon [_thread_blocked, id=1792, stack(0x000000001cc40000,0x000000001cd40000)]
  0x000000001a139000 JavaThread "C1 CompilerThread3" daemon [_thread_blocked, id=12576, stack(0x000000001cb40000,0x000000001cc40000)]
=>0x000000001c279800 JavaThread "C2 CompilerThread2" daemon [_thread_in_native, id=7940, stack(0x000000001ca40000,0x000000001cb40000)]
  0x000000001c276000 JavaThread "C2 CompilerThread1" daemon [_thread_in_native, id=9280, stack(0x000000001c940000,0x000000001ca40000)]
  0x000000001c272000 JavaThread "C2 CompilerThread0" daemon [_thread_in_native, id=8056, stack(0x000000001c840000,0x000000001c940000)]
  0x000000001c26f800 JavaThread "Attach Listener" daemon [_thread_blocked, id=2696, stack(0x000000001c740000,0x000000001c840000)]
  0x000000001c26e800 JavaThread "Signal Dispatcher" daemon [_thread_blocked, id=3672, stack(0x000000001c640000,0x000000001c740000)]
  0x0000000002cdd000 JavaThread "Finalizer" daemon [_thread_blocked, id=7648, stack(0x000000001c010000,0x000000001c110000)]
  0x000000001a12d000 JavaThread "Reference Handler" daemon [_thread_blocked, id=6012, stack(0x000000001bf10000,0x000000001c010000)]
  0x0000000002be4800 JavaThread "main" [_thread_blocked, id=7320, stack(0x0000000002ae0000,0x0000000002be0000)]

Other Threads:
  0x000000001a129000 VMThread [stack: 0x000000001be10000,0x000000001bf10000] [id=11508]
  0x000000001c345000 WatcherThread [stack: 0x000000001cd40000,0x000000001ce40000] [id=12480]

VM state:not at safepoint (normal execution)

VM Mutex/Monitor currently owned by a thread: None

Heap:
 PSYoungGen      total 177152K, used 72537K [0x0000000780d80000, 0x0000000792300000, 0x00000007c0000000)
  eden space 92672K, 14% used [0x0000000780d80000,0x0000000781aea3d0,0x0000000786800000)
  from space 84480K, 69% used [0x000000078be00000,0x000000078f76c1d8,0x0000000791080000)
  to   space 88064K, 0% used [0x0000000786800000,0x0000000786800000,0x000000078be00000)
 ParOldGen       total 161280K, used 81492K [0x0000000702800000, 0x000000070c580000, 0x0000000780d80000)
  object space 161280K, 50% used [0x0000000702800000,0x00000007077950f8,0x000000070c580000)
 Metaspace       used 25724K, capacity 26964K, committed 27264K, reserved 1073152K
  class space    used 3356K, capacity 3609K, committed 3712K, reserved 1048576K

Card table byte_map: [0x00000000120a0000,0x0000000012690000] byte_map_base: 0x000000000e88c000

Marking Bits: (ParMarkBitMap*) 0x000000006e18a5b0
 Begin Bits: [0x0000000013290000, 0x00000000161f0000)
 End Bits:   [0x00000000161f0000, 0x0000000019150000)

Polling page: 0x0000000000d10000

CodeCache: size=245760Kb used=12802Kb max_used=12802Kb free=232957Kb
 bounds [0x0000000002ce0000, 0x0000000003970000, 0x0000000011ce0000]
 total_blobs=4945 nmethods=4123 adapters=733
 compilation: enabled

Compilation events (10 events):
Event: 66.088 Thread 0x000000001c276000 4547   !   4       javafx.scene.CssStyleHelper::transitionToState (1075 bytes)
Event: 66.088 Thread 0x000000001a139000 4548       3       javafx.scene.text.Text::impl_caretShapeProperty (8 bytes)
Event: 66.088 Thread 0x000000001a139000 nmethod 4548 0x0000000003968fd0 code [0x0000000003969160, 0x00000000039695c8]
Event: 66.088 Thread 0x000000001a139000 4549       3       javafx.scene.text.Text$TextAttribute::impl_caretShapeProperty (52 bytes)
Event: 66.089 Thread 0x000000001a139000 nmethod 4549 0x0000000003968510 code [0x00000000039686c0, 0x0000000003968cf8]
Event: 66.089 Thread 0x000000001a139000 4550       3       javafx.scene.layout.Pane::<init> (5 bytes)
Event: 66.089 Thread 0x000000001a139000 nmethod 4550 0x000000000396b890 code [0x000000000396ba00, 0x000000000396bb88]
Event: 66.089 Thread 0x000000001a139000 4551       3       javafx.css.StyleableBooleanProperty::set (13 bytes)
Event: 66.089 Thread 0x000000001a139000 nmethod 4551 0x0000000003968150 code [0x00000000039682c0, 0x0000000003968488]
Event: 66.090 Thread 0x000000001a139000 4553       3       javafx.scene.Node::getEventHandlerProperties (31 bytes)

GC Heap History (10 events):
Event: 39.832 GC heap before
{Heap before GC invocations=7 (full 2):
 PSYoungGen      total 56832K, used 49032K [0x0000000780d80000, 0x0000000787a00000, 0x00000007c0000000)
  eden space 49152K, 99% used [0x0000000780d80000,0x0000000783d621c8,0x0000000783d80000)
  from space 7680K, 0% used [0x0000000784500000,0x0000000784500000,0x0000000784c80000)
  to   space 7680K, 0% used [0x0000000783d80000,0x0000000783d80000,0x0000000784500000)
 ParOldGen       total 161280K, used 60186K [0x0000000702800000, 0x000000070c580000, 0x0000000780d80000)
  object space 161280K, 37% used [0x0000000702800000,0x00000007062c6a10,0x000000070c580000)
 Metaspace       used 24310K, capacity 25330K, committed 25472K, reserved 1071104K
  class space    used 3179K, capacity 3442K, committed 3456K, reserved 1048576K
Event: 39.844 GC heap after
Heap after GC invocations=7 (full 2):
 PSYoungGen      total 56832K, used 7649K [0x0000000780d80000, 0x000000078ae80000, 0x00000007c0000000)
  eden space 49152K, 0% used [0x0000000780d80000,0x0000000780d80000,0x0000000783d80000)
  from space 7680K, 99% used [0x0000000783d80000,0x00000007844f8410,0x0000000784500000)
  to   space 46080K, 0% used [0x0000000788180000,0x0000000788180000,0x000000078ae80000)
 ParOldGen       total 161280K, used 92886K [0x0000000702800000, 0x000000070c580000, 0x0000000780d80000)
  object space 161280K, 57% used [0x0000000702800000,0x00000007082b5aa0,0x000000070c580000)
 Metaspace       used 24310K, capacity 25330K, committed 25472K, reserved 1071104K
  class space    used 3179K, capacity 3442K, committed 3456K, reserved 1048576K
}
Event: 40.100 GC heap before
{Heap before GC invocations=8 (full 2):
 PSYoungGen      total 56832K, used 51695K [0x0000000780d80000, 0x000000078ae80000, 0x00000007c0000000)
  eden space 49152K, 89% used [0x0000000780d80000,0x0000000783883ae8,0x0000000783d80000)
  from space 7680K, 99% used [0x0000000783d80000,0x00000007844f8410,0x0000000784500000)
  to   space 46080K, 0% used [0x0000000788180000,0x0000000788180000,0x000000078ae80000)
 ParOldGen       total 161280K, used 92886K [0x0000000702800000, 0x000000070c580000, 0x0000000780d80000)
  object space 161280K, 57% used [0x0000000702800000,0x00000007082b5aa0,0x000000070c580000)
 Metaspace       used 24371K, capacity 25348K, committed 25472K, reserved 1071104K
  class space    used 3181K, capacity 3445K, committed 3456K, reserved 1048576K
Event: 40.108 GC heap after
Heap after GC invocations=8 (full 2):
 PSYoungGen      total 110080K, used 45992K [0x0000000780d80000, 0x000000078c400000, 0x00000007c0000000)
  eden space 64000K, 0% used [0x0000000780d80000,0x0000000780d80000,0x0000000784c00000)
  from space 46080K, 99% used [0x0000000788180000,0x000000078ae6a080,0x000000078ae80000)
  to   space 54784K, 0% used [0x0000000784c00000,0x0000000784c00000,0x0000000788180000)
 ParOldGen       total 161280K, used 93918K [0x0000000702800000, 0x000000070c580000, 0x0000000780d80000)
  object space 161280K, 58% used [0x0000000702800000,0x00000007083b7ab0,0x000000070c580000)
 Metaspace       used 24371K, capacity 25348K, committed 25472K, reserved 1071104K
  class space    used 3181K, capacity 3445K, committed 3456K, reserved 1048576K
}
Event: 53.507 GC heap before
{Heap before GC invocations=9 (full 2):
 PSYoungGen      total 110080K, used 109490K [0x0000000780d80000, 0x000000078c400000, 0x00000007c0000000)
  eden space 64000K, 99% used [0x0000000780d80000,0x0000000784b829b0,0x0000000784c00000)
  from space 46080K, 99% used [0x0000000788180000,0x000000078ae6a080,0x000000078ae80000)
  to   space 54784K, 0% used [0x0000000784c00000,0x0000000784c00000,0x0000000788180000)
 ParOldGen       total 161280K, used 93918K [0x0000000702800000, 0x000000070c580000, 0x0000000780d80000)
  object space 161280K, 58% used [0x0000000702800000,0x00000007083b7ab0,0x000000070c580000)
 Metaspace       used 25421K, capacity 26624K, committed 26752K, reserved 1073152K
  class space    used 3334K, capacity 3597K, committed 3712K, reserved 1048576K
Event: 53.523 GC heap after
Heap after GC invocations=9 (full 2):
 PSYoungGen      total 118784K, used 54771K [0x0000000780d80000, 0x0000000791080000, 0x00000007c0000000)
  eden space 64000K, 0% used [0x0000000780d80000,0x0000000780d80000,0x0000000784c00000)
  from space 54784K, 99% used [0x0000000784c00000,0x000000078817cf50,0x0000000788180000)
  to   space 84480K, 0% used [0x000000078be00000,0x000000078be00000,0x0000000791080000)
 ParOldGen       total 161280K, used 133928K [0x0000000702800000, 0x000000070c580000, 0x0000000780d80000)
  object space 161280K, 83% used [0x0000000702800000,0x000000070aaca2a8,0x000000070c580000)
 Metaspace       used 25421K, capacity 26624K, committed 26752K, reserved 1073152K
  class space    used 3334K, capacity 3597K, committed 3712K, reserved 1048576K
}
Event: 53.523 GC heap before
{Heap before GC invocations=10 (full 3):
 PSYoungGen      total 118784K, used 54771K [0x0000000780d80000, 0x0000000791080000, 0x00000007c0000000)
  eden space 64000K, 0% used [0x0000000780d80000,0x0000000780d80000,0x0000000784c00000)
  from space 54784K, 99% used [0x0000000784c00000,0x000000078817cf50,0x0000000788180000)
  to   space 84480K, 0% used [0x000000078be00000,0x000000078be00000,0x0000000791080000)
 ParOldGen       total 161280K, used 133928K [0x0000000702800000, 0x000000070c580000, 0x0000000780d80000)
  object space 161280K, 83% used [0x0000000702800000,0x000000070aaca2a8,0x000000070c580000)
 Metaspace       used 25421K, capacity 26624K, committed 26752K, reserved 1073152K
  class space    used 3334K, capacity 3597K, committed 3712K, reserved 1048576K
Event: 53.565 GC heap after
Heap after GC invocations=10 (full 3):
 PSYoungGen      total 118784K, used 0K [0x0000000780d80000, 0x0000000791080000, 0x00000007c0000000)
  eden space 64000K, 0% used [0x0000000780d80000,0x0000000780d80000,0x0000000784c00000)
  from space 54784K, 0% used [0x0000000784c00000,0x0000000784c00000,0x0000000788180000)
  to   space 84480K, 0% used [0x000000078be00000,0x000000078be00000,0x0000000791080000)
 ParOldGen       total 161280K, used 81484K [0x0000000702800000, 0x000000070c580000, 0x0000000780d80000)
  object space 161280K, 50% used [0x0000000702800000,0x00000007077930f8,0x000000070c580000)
 Metaspace       used 25421K, capacity 26624K, committed 26752K, reserved 1073152K
  class space    used 3334K, capacity 3597K, committed 3712K, reserved 1048576K
}
Event: 53.874 GC heap before
{Heap before GC invocations=11 (full 3):
 PSYoungGen      total 118784K, used 63208K [0x0000000780d80000, 0x0000000791080000, 0x00000007c0000000)
  eden space 64000K, 98% used [0x0000000780d80000,0x0000000784b3a020,0x0000000784c00000)
  from space 54784K, 0% used [0x0000000784c00000,0x0000000784c00000,0x0000000788180000)
  to   space 84480K, 0% used [0x000000078be00000,0x000000078be00000,0x0000000791080000)
 ParOldGen       total 161280K, used 81484K [0x0000000702800000, 0x000000070c580000, 0x0000000780d80000)
  object space 161280K, 50% used [0x0000000702800000,0x00000007077930f8,0x000000070c580000)
 Metaspace       used 25490K, capacity 26686K, committed 27008K, reserved 1073152K
  class space    used 3339K, capacity 3606K, committed 3712K, reserved 1048576K
Event: 53.888 GC heap after
Heap after GC invocations=11 (full 3):
 PSYoungGen      total 177152K, used 58800K [0x0000000780d80000, 0x0000000792300000, 0x00000007c0000000)
  eden space 92672K, 0% used [0x0000000780d80000,0x0000000780d80000,0x0000000786800000)
  from space 84480K, 69% used [0x000000078be00000,0x000000078f76c1d8,0x0000000791080000)
  to   space 88064K, 0% used [0x0000000786800000,0x0000000786800000,0x000000078be00000)
 ParOldGen       total 161280K, used 81492K [0x0000000702800000, 0x000000070c580000, 0x0000000780d80000)
  object space 161280K, 50% used [0x0000000702800000,0x00000007077950f8,0x000000070c580000)
 Metaspace       used 25490K, capacity 26686K, committed 27008K, reserved 1073152K
  class space    used 3339K, capacity 3606K, committed 3712K, reserved 1048576K
}

Deoptimization events (10 events):
Event: 36.817 Thread 0x000000001d367800 Uncommon trap: reason=class_check action=maybe_recompile pc=0x00000000035dab98 method=javafx.scene.Node$MiscProperties.getEffect()Ljavafx/scene/effect/Effect; @ 20
Event: 44.766 Thread 0x000000001d367800 Uncommon trap: reason=unstable_if action=reinterpret pc=0x0000000002f66c34 method=com.sun.javafx.css.ParsedValueImpl.containsFontRelativeSize(Ljavafx/css/ParsedValue;Z)Z @ 56
Event: 44.782 Thread 0x000000001d367800 Uncommon trap: reason=unstable_if action=reinterpret pc=0x0000000003185470 method=com.sun.javafx.css.BitSet.add(Ljava/lang/Object;)Z @ 91
Event: 44.800 Thread 0x000000001d367800 Uncommon trap: reason=unstable_if action=reinterpret pc=0x00000000033e2e7c method=java.lang.Math.round(D)J @ 48
Event: 45.190 Thread 0x000000001d367800 Uncommon trap: reason=unstable_if action=reinterpret pc=0x000000000374f414 method=javafx.scene.Node$MiscProperties.isDisable()Z @ 4
Event: 53.983 Thread 0x000000001d34e800 Uncommon trap: reason=unstable_if action=reinterpret pc=0x00000000037d1bc0 method=com.sun.prism.d3d.D3DTextureResource.isValid()Z @ 4
Event: 66.074 Thread 0x000000001d367800 Uncommon trap: reason=class_check action=maybe_recompile pc=0x00000000037398e4 method=javafx.scene.CssStyleHelper.createStyleHelper(Ljavafx/scene/Node;)Ljavafx/scene/CssStyleHelper; @ 151
Event: 66.075 Thread 0x000000001d367800 Uncommon trap: reason=class_check action=maybe_recompile pc=0x00000000037398e4 method=javafx.scene.CssStyleHelper.createStyleHelper(Ljavafx/scene/Node;)Ljavafx/scene/CssStyleHelper; @ 151
Event: 66.075 Thread 0x000000001d367800 Uncommon trap: reason=class_check action=maybe_recompile pc=0x00000000037398e4 method=javafx.scene.CssStyleHelper.createStyleHelper(Ljavafx/scene/Node;)Ljavafx/scene/CssStyleHelper; @ 151
Event: 66.075 Thread 0x000000001d367800 Uncommon trap: reason=class_check action=maybe_recompile pc=0x00000000037398e4 method=javafx.scene.CssStyleHelper.createStyleHelper(Ljavafx/scene/Node;)Ljavafx/scene/CssStyleHelper; @ 151

Internal exceptions (10 events):
Event: 34.636 Thread 0x000000001d367800 Exception <a 'java/io/FileNotFoundException'> (0x0000000783041f60) thrown at [C:\re\workspace\8-2-build-windows-amd64-cygwin\jdk8u60\4407\hotspot\src\share\vm\prims\jni.cpp, line 709]
Event: 35.110 Thread 0x000000001d367800 Exception <a 'java/io/FileNotFoundException'> (0x0000000782991c98) thrown at [C:\re\workspace\8-2-build-windows-amd64-cygwin\jdk8u60\4407\hotspot\src\share\vm\prims\jni.cpp, line 709]
Event: 40.361 Thread 0x000000001d367800 Exception <a 'java/io/FileNotFoundException'> (0x00000007835948e8) thrown at [C:\re\workspace\8-2-build-windows-amd64-cygwin\jdk8u60\4407\hotspot\src\share\vm\prims\jni.cpp, line 709]
Event: 40.364 Thread 0x000000001d367800 Exception <a 'java/lang/reflect/InvocationTargetException'> (0x00000007835b6818) thrown at [C:\re\workspace\8-2-build-windows-amd64-cygwin\jdk8u60\4407\hotspot\src\share\vm\runtime\reflection.cpp, line 1092]
Event: 40.364 Thread 0x000000001d367800 Exception <a 'java/lang/RuntimeException'> (0x00000007835b7008) thrown at [C:\re\workspace\8-2-build-windows-amd64-cygwin\jdk8u60\4407\hotspot\src\share\vm\prims\jvm.cpp, line 1390]
Event: 44.828 Thread 0x000000001d367800 Exception <a 'java/lang/reflect/InvocationTargetException'> (0x0000000783d80040) thrown at [C:\re\workspace\8-2-build-windows-amd64-cygwin\jdk8u60\4407\hotspot\src\share\vm\runtime\reflection.cpp, line 1092]
Event: 44.828 Thread 0x000000001d367800 Exception <a 'java/lang/RuntimeException'> (0x0000000783d80830) thrown at [C:\re\workspace\8-2-build-windows-amd64-cygwin\jdk8u60\4407\hotspot\src\share\vm\prims\jvm.cpp, line 1390]
Event: 53.983 Thread 0x000000001d34e800 Implicit null exception at 0x00000000037d1b50 to 0x00000000037d1bad
Event: 53.988 Thread 0x000000001d34e800 Implicit null exception at 0x000000000373314b to 0x0000000003733bd2
Event: 53.988 Thread 0x000000001d34e800 Exception <a 'java/lang/NullPointerException'> (0x000000078165f960) thrown at [C:\re\workspace\8-2-build-windows-amd64-cygwin\jdk8u60\4407\hotspot\src\share\vm\runtime\sharedRuntime.cpp, line 605]

Events (10 events):
Event: 66.086 loading class javafx/collections/ListChangeListener$Change
Event: 66.086 loading class javafx/collections/ListChangeListener$Change done
Event: 66.086 loading class com/sun/javafx/scene/control/behavior/AccordionBehavior$AccordionFocusModel
Event: 66.086 loading class com/sun/javafx/scene/control/behavior/AccordionBehavior$AccordionFocusModel done
Event: 66.086 loading class javafx/collections/ListChangeListener$Change
Event: 66.086 loading class javafx/collections/ListChangeListener$Change done
Event: 66.086 loading class javafx/scene/control/Accordion
Event: 66.086 loading class javafx/scene/control/Accordion done
Event: 66.086 loading class com/sun/javafx/scene/control/skin/AccordionSkin
Event: 66.086 loading class com/sun/javafx/scene/control/skin/AccordionSkin done


Dynamic libraries:
0x00007ff710c70000 - 0x00007ff710ca7000 	C:\Program Files\Java\jdk1.8.0_60\bin\java.exe
0x00007ffcdcaf0000 - 0x00007ffcdcce8000 	C:\Windows\SYSTEM32\ntdll.dll
0x00007ffcdbf50000 - 0x00007ffcdc00f000 	C:\Windows\System32\KERNEL32.DLL
0x00007ffcda4b0000 - 0x00007ffcda78a000 	C:\Windows\System32\KERNELBASE.dll
0x00007ffcdbc70000 - 0x00007ffcdbd1e000 	C:\Windows\System32\ADVAPI32.dll
0x00007ffcdc200000 - 0x00007ffcdc29e000 	C:\Windows\System32\msvcrt.dll
0x00007ffcdb700000 - 0x00007ffcdb79c000 	C:\Windows\System32\sechost.dll
0x00007ffcdc0c0000 - 0x00007ffcdc1e6000 	C:\Windows\System32\RPCRT4.dll
0x00007ffcdbd20000 - 0x00007ffcdbebd000 	C:\Windows\System32\USER32.dll
0x00007ffcdab20000 - 0x00007ffcdab42000 	C:\Windows\System32\win32u.dll
0x00007ffcdc9d0000 - 0x00007ffcdc9fb000 	C:\Windows\System32\GDI32.dll
0x00007ffcda790000 - 0x00007ffcda8a0000 	C:\Windows\System32\gdi32full.dll
0x00007ffcda8a0000 - 0x00007ffcda93d000 	C:\Windows\System32\msvcp_win.dll
0x00007ffcda200000 - 0x00007ffcda300000 	C:\Windows\System32\ucrtbase.dll
0x00007ffcc4f40000 - 0x00007ffcc51da000 	C:\Windows\WinSxS\amd64_microsoft.windows.common-controls_6595b64144ccf1df_6.0.19041.1110_none_60b5254171f9507e\COMCTL32.dll
0x00007ffcdb7a0000 - 0x00007ffcdb7d0000 	C:\Windows\System32\IMM32.DLL
0x000000006d8a0000 - 0x000000006d972000 	C:\Program Files\Java\jdk1.8.0_60\jre\bin\msvcr100.dll
0x000000006d980000 - 0x000000006e209000 	C:\Program Files\Java\jdk1.8.0_60\jre\bin\server\jvm.dll
0x00007ffcdc9c0000 - 0x00007ffcdc9c8000 	C:\Windows\System32\PSAPI.DLL
0x00007ffcd4a30000 - 0x00007ffcd4a39000 	C:\Windows\SYSTEM32\WSOCK32.dll
0x00007ffcd5b30000 - 0x00007ffcd5b57000 	C:\Windows\SYSTEM32\WINMM.dll
0x00007ffcd3aa0000 - 0x00007ffcd3aaa000 	C:\Windows\SYSTEM32\VERSION.dll
0x00007ffcdbee0000 - 0x00007ffcdbf4b000 	C:\Windows\System32\WS2_32.dll
0x000000006d850000 - 0x000000006d85f000 	C:\Program Files\Java\jdk1.8.0_60\jre\bin\verify.dll
0x000000006d820000 - 0x000000006d849000 	C:\Program Files\Java\jdk1.8.0_60\jre\bin\java.dll
0x000000006d800000 - 0x000000006d816000 	C:\Program Files\Java\jdk1.8.0_60\jre\bin\zip.dll
0x00007ffcdac80000 - 0x00007ffcdb3c4000 	C:\Windows\System32\SHELL32.dll
0x00007ffcd82c0000 - 0x00007ffcd8a53000 	C:\Windows\SYSTEM32\windows.storage.dll
0x00007ffcdb8a0000 - 0x00007ffcdbbf4000 	C:\Windows\System32\combase.dll
0x00007ffcd9c60000 - 0x00007ffcd9c8e000 	C:\Windows\SYSTEM32\Wldp.dll
0x00007ffcdc010000 - 0x00007ffcdc0bd000 	C:\Windows\System32\SHCORE.dll
0x00007ffcdc460000 - 0x00007ffcdc4b5000 	C:\Windows\System32\shlwapi.dll
0x00007ffcda140000 - 0x00007ffcda15f000 	C:\Windows\SYSTEM32\profapi.dll
0x00007ffcbef40000 - 0x00007ffcbf02f000 	C:\Program Files\Java\jdk1.8.0_60\jre\bin\msvcr120.dll
0x00007ffcb29b0000 - 0x00007ffcb2a56000 	C:\Program Files\Java\jdk1.8.0_60\jre\bin\msvcp120.dll
0x000000006d430000 - 0x000000006d453000 	C:\Program Files\Java\jdk1.8.0_60\jre\bin\prism_d3d.dll
0x00007ffcd1a80000 - 0x00007ffcd1c4d000 	C:\Windows\system32\d3d9.dll
0x00007ffcd80c0000 - 0x00007ffcd80d2000 	C:\Windows\SYSTEM32\kernel.appcore.dll
0x00007ffcd7dd0000 - 0x00007ffcd7dff000 	C:\Windows\SYSTEM32\dwmapi.dll
0x00007ffcd7b00000 - 0x00007ffcd7b9e000 	C:\Windows\system32\uxtheme.dll
0x00007ffca7290000 - 0x00007ffca73f5000 	C:\Windows\System32\DriverStore\FileRepository\iigd_dch.inf_amd64_4b31d9b38e2bb506\igdumdim64.dll
0x00007ffcdab50000 - 0x00007ffcdac7a000 	C:\Windows\System32\ole32.dll
0x00007ffc9d040000 - 0x00007ffca0ccb000 	C:\Windows\System32\DriverStore\FileRepository\iigd_dch.inf_amd64_4b31d9b38e2bb506\igd9dxva64.dll
0x00007ffcdb7d0000 - 0x00007ffcdb89d000 	C:\Windows\System32\OLEAUT32.dll
0x00007ffcdc550000 - 0x00007ffcdc9b8000 	C:\Windows\System32\SETUPAPI.dll
0x00007ffcda970000 - 0x00007ffcda9be000 	C:\Windows\System32\cfgmgr32.dll
0x00007ffcda940000 - 0x00007ffcda967000 	C:\Windows\System32\bcrypt.dll
0x00007ffccf5c0000 - 0x00007ffccf8f6000 	C:\Windows\System32\DriverStore\FileRepository\iigd_dch.inf_amd64_4b31d9b38e2bb506\igdgmm64.dll
0x000000006d3e0000 - 0x000000006d423000 	C:\Program Files\Java\jdk1.8.0_60\jre\bin\glass.dll
0x00007ffcdc380000 - 0x00007ffcdc45a000 	C:\Windows\System32\COMDLG32.dll
0x00007ffcdb3d0000 - 0x00007ffcdb4e4000 	C:\Windows\System32\MSCTF.dll
0x00007ffcda370000 - 0x00007ffcda3f2000 	C:\Windows\System32\bcryptPrimitives.dll
0x00007ffcc9100000 - 0x00007ffcc9127000 	C:\Windows\System32\DriverStore\FileRepository\iigd_dch.inf_amd64_4b31d9b38e2bb506\igdinfo64.dll
0x00007ffcd9bb0000 - 0x00007ffcd9bc8000 	C:\Windows\SYSTEM32\CRYPTSP.dll
0x00007ffcd9200000 - 0x00007ffcd9234000 	C:\Windows\system32\rsaenh.dll
0x00007ffcd9bd0000 - 0x00007ffcd9bdc000 	C:\Windows\SYSTEM32\CRYPTBASE.dll
0x00007ffccc830000 - 0x00007ffccf5bf000 	C:\Windows\System32\DriverStore\FileRepository\iigd_dch.inf_amd64_4b31d9b38e2bb506\igc64.dll
0x00007ffcd3260000 - 0x00007ffcd329b000 	C:\Windows\SYSTEM32\dxcore.dll
0x000000006d2d0000 - 0x000000006d2e4000 	C:\Program Files\Java\jdk1.8.0_60\jre\bin\javafx_font.dll
0x00007ffcc7790000 - 0x00007ffcc7a0f000 	C:\Windows\SYSTEM32\dwrite.dll
0x00007ffcdca00000 - 0x00007ffcdcaa9000 	C:\Windows\System32\clbcatq.dll
0x00007ffcd4850000 - 0x00007ffcd4a04000 	C:\Windows\SYSTEM32\WindowsCodecs.dll
0x00007ffcc3fe0000 - 0x00007ffcc401e000 	C:\Windows\system32\dataexchange.dll
0x00007ffcd6b40000 - 0x00007ffcd6d23000 	C:\Windows\system32\dcomp.dll
0x00007ffcd6310000 - 0x00007ffcd6573000 	C:\Windows\system32\d3d11.dll
0x00007ffcd8ac0000 - 0x00007ffcd8bb3000 	C:\Windows\system32\dxgi.dll
0x00007ffcd4f80000 - 0x00007ffcd5180000 	C:\Windows\system32\twinapi.appcore.dll
0x00007ffcc5aa0000 - 0x00007ffcc5ad4000 	C:\Program Files\Common Files\Microsoft Shared\Ink\rtscom.dll
0x00007ffcd1de0000 - 0x00007ffcd1ed9000 	C:\Windows\SYSTEM32\textinputframework.dll
0x00007ffcd70b0000 - 0x00007ffcd740e000 	C:\Windows\System32\CoreUIComponents.dll
0x00007ffcd7410000 - 0x00007ffcd7502000 	C:\Windows\System32\CoreMessaging.dll
0x00007ffcd93b0000 - 0x00007ffcd93e3000 	C:\Windows\SYSTEM32\ntmarta.dll
0x00007ffcd5d50000 - 0x00007ffcd5ea4000 	C:\Windows\SYSTEM32\wintypes.dll
0x000000006d7e0000 - 0x000000006d7fa000 	C:\Program Files\Java\jdk1.8.0_60\jre\bin\net.dll
0x00007ffcd99c0000 - 0x00007ffcd9a2a000 	C:\Windows\system32\mswsock.dll
0x00007ffcd96b0000 - 0x00007ffcd977b000 	C:\Windows\SYSTEM32\DNSAPI.dll
0x00007ffcd9660000 - 0x00007ffcd969c000 	C:\Windows\SYSTEM32\IPHLPAPI.DLL
0x00007ffcdc1f0000 - 0x00007ffcdc1f8000 	C:\Windows\System32\NSI.dll
0x000000006e550000 - 0x000000006e576000 	C:\Program Files\Bonjour\mdnsNSP.dll
0x00007ffcd14e0000 - 0x00007ffcd14ea000 	C:\Windows\System32\rasadhlp.dll
0x00007ffccfba0000 - 0x00007ffccfc20000 	C:\Windows\System32\fwpuclnt.dll
0x000000006d2a0000 - 0x000000006d2c3000 	C:\Program Files\Java\jdk1.8.0_60\jre\bin\javafx_iio.dll
0x000000006d280000 - 0x000000006d291000 	C:\Program Files\Java\jdk1.8.0_60\jre\bin\prism_common.dll
0x00007ffcda0c0000 - 0x00007ffcda0ee000 	C:\Windows\SYSTEM32\USERENV.dll
0x00007ffcd3220000 - 0x00007ffcd3237000 	C:\Windows\SYSTEM32\dhcpcsvc6.DLL
0x00007ffcd3200000 - 0x00007ffcd321d000 	C:\Windows\SYSTEM32\dhcpcsvc.DLL
0x000000006d7c0000 - 0x000000006d7d1000 	C:\Program Files\Java\jdk1.8.0_60\jre\bin\nio.dll
0x000000006d620000 - 0x000000006d7b8000 	C:\Program Files\Java\jdk1.8.0_60\jre\bin\awt.dll
0x00007ffcd7780000 - 0x00007ffcd7810000 	C:\Windows\SYSTEM32\apphelp.dll

VM Arguments:
jvm_args: -Dfile.encoding=UTF-8 
java_command: pidevAuth.Firstpagemain
java_class_path (initial): C:\Program Files\NetBeans 8.2\ide\modules\ext\mysql-connector-java-5.1.23-bin.jar;C:\Users\MediaStudio\Downloads\core-3.2.1.jar;C:\Users\MediaStudio\Documents\NetBeansProjects\Project_malek\poi-bin-5.2.3\poi-5.2.3.jar;C:\Users\MediaStudio\Documents\NetBeansProjects\Project_malek\poi-bin-5.2.3\poi-examples-5.2.3.jar;C:\Users\MediaStudio\Documents\NetBeansProjects\Project_malek\poi-bin-5.2.3\poi-excelant-5.2.3.jar;C:\Users\MediaStudio\Documents\NetBeansProjects\Project_malek\poi-bin-5.2.3\poi-javadoc-5.2.3.jar;C:\Users\MediaStudio\Documents\NetBeansProjects\Project_malek\poi-bin-5.2.3\poi-ooxml-5.2.3.jar;C:\Users\MediaStudio\Documents\NetBeansProjects\Project_malek\poi-bin-5.2.3\poi-ooxml-full-5.2.3.jar;C:\Users\MediaStudio\Documents\NetBeansProjects\Project_malek\poi-bin-5.2.3\poi-ooxml-lite-5.2.3.jar;C:\Users\MediaStudio\Documents\NetBeansProjects\Project_malek\poi-bin-5.2.3\poi-scratchpad-5.2.3.jar;C:\Users\MediaStudio\Documents\NetBeansProjects\Project_malek\controlsfx-8.40.15.jar;C:\Users\MediaStudio\Documents\NetBeansProjects\Project_malek\spring-security-crypto-5.8.1.jar;C:\Users\MediaStudio\Desktop\yy\javax.mail-1.6.2.jar;C:\Users\MediaStudio\Desktop\yy\javax.mail-api-1.6.2.jar;C:\Users\MediaStudio\Desktop\yy\javamail-1.4.4\lib\dsn.jar;C:\Users\MediaStudio\Desktop\yy\javamail-1.4.4\lib\imap.jar;C:\Users\MediaStudio\Desktop\yy\javamail-1.4.4\lib\mailapi.jar;C:\Users\MediaStudio\Desktop\yy\javamail-1.4.4\lib\pop3.jar;C:\Users\MediaStudio\Desktop\yy\javamail-1.4.4\lib\smtp.jar;C:\Users\MediaStudio\Documents\NetBeansProjects\Project_malek\miaoui\gson-2.10.1.jar;C:\Users\MediaStudio\Documents\NetBeansProjects\Project_malek\miaoui\itext-1.3.1.jar;C:\Users\MediaStudio\Documents\NetBeansProjects\Project_malek\miaoui\stripe-java-22.11.0.jar;C:\Users\MediaStudio\Documents\NetBeansProjects\Project_malek\miaoui\itextpdf-5.5.9.jar;C:\Users\MediaStudio\Documents\NetBeansProjects\Project_malek\TrayNotification-5393c3a54f.jar;C:\Users\MediaStudio\
Launcher Type: SUN_STANDARD

Environment Variables:
PATH=C:\oraclexe\app\oracle\product\11.2.0\server\bin;C:\ProgramData\Oracle\Java\javapath;C:\Program Files\Java\jdk1.8.0_60\bin;C:\Program Files (x86)\VMware\VMware Workstation\bin\;C:\Windows\system32;C:\Windows;C:\Windows\System32\Wbem;C:\Windows\System32\WindowsPowerShell\v1.0\;C:\Windows\System32\OpenSSH\;C:\Program Files\Git\cmd;C:\ProgramData\ComposerSetup\bin;C:\Program Files\nodejs\;C:\Users\MediaStudio\scoop\shims;C:\Users\MediaStudio\AppData\Local\Microsoft\WindowsApps;C:\xampp\php;C:\Users\MediaStudio\AppData\Local\Programs\Microsoft VS Code\bin;C:\Users\MediaStudio\AppData\Roaming\Composer\vendor\bin;C:\xampp\php;C:\Users\MediaStudio\AppData\Roaming\npm
USERNAME=MediaStudio
OS=Windows_NT
PROCESSOR_IDENTIFIER=Intel64 Family 6 Model 142 Stepping 12, GenuineIntel



---------------  S Y S T E M  ---------------

OS: Windows 10.0 , 64 bit Build 19041 (10.0.19041.2788)

CPU:total 8 (4 cores per cpu, 2 threads per core) family 6 model 142 stepping 12, cmov, cx8, fxsr, mmx, sse, sse2, sse3, ssse3, sse4.1, sse4.2, popcnt, avx, avx2, aes, clmul, erms, 3dnowpref, lzcnt, ht, tsc, tscinvbit, bmi1, bmi2, adx

Memory: 4k page, physical 12412604k(1523068k free), swap 12412604k(5212k free)

vm_info: Java HotSpot(TM) 64-Bit Server VM (25.60-b23) for windows-amd64 JRE (1.8.0_60-b27), built on Aug  4 2015 11:06:27 by "java_re" with MS VC++ 10.0 (VS2010)

time: Thu May 11 16:23:56 2023
elapsed time: 66 seconds (0d 0h 1m 6s)

