#
# There is insufficient memory for the Java Runtime Environment to continue.
# Native memory allocation (malloc) failed to allocate 1283776 bytes for Chunk::new
# Possible reasons:
#   The system is out of physical RAM or swap space
#   In 32 bit mode, the process size limit was hit
# Possible solutions:
#   Reduce memory load on the system
#   Increase physical memory or swap space
#   Check if swap backing store is full
#   Use 64 bit Java on a 64 bit OS
#   Decrease Java heap size (-Xmx/-Xms)
#   Decrease number of Java threads
#   Decrease Java thread stack sizes (-Xss)
#   Set larger code cache with -XX:ReservedCodeCacheSize=
# This output file may be truncated or incomplete.
#
#  Out of Memory Error (allocation.cpp:390), pid=5988, tid=16380
#
# JRE version: Java(TM) SE Runtime Environment (8.0_60-b27) (build 1.8.0_60-b27)
# Java VM: Java HotSpot(TM) 64-Bit Server VM (25.60-b23 mixed mode windows-amd64 compressed oops)
# Failed to write core dump. Minidumps are not enabled by default on client versions of Windows
#

---------------  T H R E A D  ---------------

Current thread (0x000000001c6e0800):  JavaThread "C2 CompilerThread0" daemon [_thread_in_native, id=16380, stack(0x000000001ccb0000,0x000000001cdb0000)]

Stack: [0x000000001ccb0000,0x000000001cdb0000]
[error occurred during error reporting (printing stack bounds), id 0xc0000005]

Native frames: (J=compiled Java code, j=interpreted, Vv=VM code, C=native code)


Current CompileTask:
C2:  25447 3429   !   4       java.net.URL::<init> (543 bytes)


---------------  P R O C E S S  ---------------

Java Threads: ( => current thread )
  0x000000001da90800 JavaThread "Java2D Disposer" daemon [_thread_blocked, id=10356, stack(0x0000000028ce0000,0x0000000028de0000)]
  0x0000000022e19800 JavaThread "Abandoned connection cleanup thread" daemon [_thread_blocked, id=14352, stack(0x00000000279e0000,0x0000000027ae0000)]
  0x0000000023090000 JavaThread "Prism Font Disposer" daemon [_thread_blocked, id=6084, stack(0x00000000248d0000,0x00000000249d0000)]
  0x000000001d822000 JavaThread "Thread-3" daemon [_thread_in_native, id=7252, stack(0x0000000022a00000,0x0000000022b00000)]
  0x000000001d794800 JavaThread "JavaFX-Launcher" [_thread_blocked, id=3488, stack(0x0000000022b00000,0x0000000022c00000)]
  0x000000001d79b800 JavaThread "JavaFX Application Thread" [_thread_in_Java, id=13724, stack(0x000000001ddf0000,0x000000001def0000)]
  0x000000001d79b000 JavaThread "Thread-1" daemon [_thread_blocked, id=7348, stack(0x000000001dcf0000,0x000000001ddf0000)]
  0x000000001d779000 JavaThread "QuantumRenderer-0" daemon [_thread_blocked, id=9324, stack(0x000000001dab0000,0x000000001dbb0000)]
  0x000000001c76d000 JavaThread "Service Thread" daemon [_thread_blocked, id=6912, stack(0x000000001d0b0000,0x000000001d1b0000)]
  0x000000001c6ed000 JavaThread "C1 CompilerThread3" daemon [_thread_in_native, id=10736, stack(0x000000001cfb0000,0x000000001d0b0000)]
  0x000000001c6e9000 JavaThread "C2 CompilerThread2" daemon [_thread_in_native, id=840, stack(0x000000001ceb0000,0x000000001cfb0000)]
  0x000000001c6e4800 JavaThread "C2 CompilerThread1" daemon [_thread_in_native, id=4732, stack(0x000000001cdb0000,0x000000001ceb0000)]
=>0x000000001c6e0800 JavaThread "C2 CompilerThread0" daemon [_thread_in_native, id=16380, stack(0x000000001ccb0000,0x000000001cdb0000)]
  0x000000001c6de000 JavaThread "Attach Listener" daemon [_thread_blocked, id=14888, stack(0x000000001cbb0000,0x000000001ccb0000)]
  0x000000001c6dd800 JavaThread "Signal Dispatcher" daemon [_thread_blocked, id=10284, stack(0x000000001cab0000,0x000000001cbb0000)]
  0x00000000030a7800 JavaThread "Finalizer" daemon [_thread_blocked, id=13076, stack(0x000000001c480000,0x000000001c580000)]
  0x00000000030a6000 JavaThread "Reference Handler" daemon [_thread_blocked, id=14716, stack(0x000000001c380000,0x000000001c480000)]
  0x0000000002fb4800 JavaThread "main" [_thread_blocked, id=7144, stack(0x0000000002e80000,0x0000000002f80000)]

Other Threads:
  0x000000001a589000 VMThread [stack: 0x000000001c280000,0x000000001c380000] [id=12036]
  0x000000001c7a9800 WatcherThread [stack: 0x000000001d1b0000,0x000000001d2b0000] [id=9796]

VM state:not at safepoint (normal execution)

VM Mutex/Monitor currently owned by a thread: None

Heap:
 PSYoungGen      total 56832K, used 28754K [0x0000000780d80000, 0x0000000786e00000, 0x00000007c0000000)
  eden space 49152K, 58% used [0x0000000780d80000,0x0000000782994880,0x0000000783d80000)
  from space 7680K, 0% used [0x0000000786680000,0x0000000786680000,0x0000000786e00000)
  to   space 7680K, 0% used [0x0000000783d80000,0x0000000783d80000,0x0000000784500000)
 ParOldGen       total 107008K, used 96627K [0x0000000702800000, 0x0000000709080000, 0x0000000780d80000)
  object space 107008K, 90% used [0x0000000702800000,0x000000070865cc30,0x0000000709080000)
 Metaspace       used 24871K, capacity 26062K, committed 26112K, reserved 1071104K
  class space    used 3299K, capacity 3558K, committed 3584K, reserved 1048576K

Card table byte_map: [0x0000000012500000,0x0000000012af0000] byte_map_base: 0x000000000ecec000

Marking Bits: (ParMarkBitMap*) 0x000000006e18a5b0
 Begin Bits: [0x00000000136f0000, 0x0000000016650000)
 End Bits:   [0x0000000016650000, 0x00000000195b0000)

Polling page: 0x0000000001250000

CodeCache: size=245760Kb used=11117Kb max_used=11117Kb free=234643Kb
 bounds [0x0000000003140000, 0x0000000003c30000, 0x0000000012140000]
 total_blobs=4322 nmethods=3500 adapters=732
 compilation: enabled

Compilation events (10 events):
Event: 25.437 Thread 0x000000001c6ed000 nmethod 3535 0x0000000003c1c4d0 code [0x0000000003c1c660, 0x0000000003c1c968]
Event: 25.437 Thread 0x000000001c6ed000 3536       3       com.sun.javafx.font.LogicalFont::getDefaultAAMode (10 bytes)
Event: 25.437 Thread 0x000000001c6ed000 nmethod 3536 0x0000000003c1cad0 code [0x0000000003c1cc40, 0x0000000003c1ce98]
Event: 25.437 Thread 0x000000001c6ed000 3533       3       com.sun.javafx.event.CompositeEventHandler::setEventHandler (6 bytes)
Event: 25.437 Thread 0x000000001c6ed000 nmethod 3533 0x0000000003c1cf90 code [0x0000000003c1d0e0, 0x0000000003c1d250]
Event: 25.438 Thread 0x000000001c6ed000 3537       3       javafx.scene.Parent::<init> (208 bytes)
Event: 25.441 Thread 0x000000001c6ed000 nmethod 3537 0x0000000003c1d2d0 code [0x0000000003c1d740, 0x0000000003c203a8]
Event: 25.441 Thread 0x000000001c6ed000 3540       1       javafx.geometry.Bounds::getMinX (5 bytes)
Event: 25.441 Thread 0x000000001c6ed000 nmethod 3540 0x0000000003c223d0 code [0x0000000003c22520, 0x0000000003c22630]
Event: 25.441 Thread 0x000000001c6ed000 3543   !   3       com.sun.javafx.text.PrismTextLayout::layout (1635 bytes)

GC Heap History (10 events):
Event: 12.257 GC heap before
{Heap before GC invocations=2 (full 0):
 PSYoungGen      total 56832K, used 41794K [0x0000000780d80000, 0x0000000784c80000, 0x00000007c0000000)
  eden space 49152K, 69% used [0x0000000780d80000,0x0000000782ed6058,0x0000000783d80000)
  from space 7680K, 99% used [0x0000000783d80000,0x00000007844faa18,0x0000000784500000)
  to   space 7680K, 0% used [0x0000000784500000,0x0000000784500000,0x0000000784c80000)
 ParOldGen       total 130048K, used 4617K [0x0000000702800000, 0x000000070a700000, 0x0000000780d80000)
  object space 130048K, 3% used [0x0000000702800000,0x0000000702c82648,0x000000070a700000)
 Metaspace       used 20521K, capacity 21266K, committed 21296K, reserved 1067008K
  class space    used 2744K, capacity 2928K, committed 2944K, reserved 1048576K
Event: 12.263 GC heap after
Heap after GC invocations=2 (full 0):
 PSYoungGen      total 56832K, used 7668K [0x0000000780d80000, 0x0000000784c80000, 0x00000007c0000000)
  eden space 49152K, 0% used [0x0000000780d80000,0x0000000780d80000,0x0000000783d80000)
  from space 7680K, 99% used [0x0000000784500000,0x0000000784c7d090,0x0000000784c80000)
  to   space 7680K, 0% used [0x0000000783d80000,0x0000000783d80000,0x0000000784500000)
 ParOldGen       total 130048K, used 25865K [0x0000000702800000, 0x000000070a700000, 0x0000000780d80000)
  object space 130048K, 19% used [0x0000000702800000,0x0000000704142538,0x000000070a700000)
 Metaspace       used 20521K, capacity 21266K, committed 21296K, reserved 1067008K
  class space    used 2744K, capacity 2928K, committed 2944K, reserved 1048576K
}
Event: 12.263 GC heap before
{Heap before GC invocations=3 (full 1):
 PSYoungGen      total 56832K, used 7668K [0x0000000780d80000, 0x0000000784c80000, 0x00000007c0000000)
  eden space 49152K, 0% used [0x0000000780d80000,0x0000000780d80000,0x0000000783d80000)
  from space 7680K, 99% used [0x0000000784500000,0x0000000784c7d090,0x0000000784c80000)
  to   space 7680K, 0% used [0x0000000783d80000,0x0000000783d80000,0x0000000784500000)
 ParOldGen       total 130048K, used 25865K [0x0000000702800000, 0x000000070a700000, 0x0000000780d80000)
  object space 130048K, 19% used [0x0000000702800000,0x0000000704142538,0x000000070a700000)
 Metaspace       used 20521K, capacity 21266K, committed 21296K, reserved 1067008K
  class space    used 2744K, capacity 2928K, committed 2944K, reserved 1048576K
Event: 12.305 GC heap after
Heap after GC invocations=3 (full 1):
 PSYoungGen      total 56832K, used 0K [0x0000000780d80000, 0x0000000784c80000, 0x00000007c0000000)
  eden space 49152K, 0% used [0x0000000780d80000,0x0000000780d80000,0x0000000783d80000)
  from space 7680K, 0% used [0x0000000784500000,0x0000000784500000,0x0000000784c80000)
  to   space 7680K, 0% used [0x0000000783d80000,0x0000000783d80000,0x0000000784500000)
 ParOldGen       total 107008K, used 31977K [0x0000000702800000, 0x0000000709080000, 0x0000000780d80000)
  object space 107008K, 29% used [0x0000000702800000,0x000000070473a7d0,0x0000000709080000)
 Metaspace       used 20521K, capacity 21266K, committed 21296K, reserved 1067008K
  class space    used 2744K, capacity 2928K, committed 2944K, reserved 1048576K
}
Event: 12.548 GC heap before
{Heap before GC invocations=4 (full 1):
 PSYoungGen      total 56832K, used 32251K [0x0000000780d80000, 0x0000000784c80000, 0x00000007c0000000)
  eden space 49152K, 65% used [0x0000000780d80000,0x0000000782cfee18,0x0000000783d80000)
  from space 7680K, 0% used [0x0000000784500000,0x0000000784500000,0x0000000784c80000)
  to   space 7680K, 0% used [0x0000000783d80000,0x0000000783d80000,0x0000000784500000)
 ParOldGen       total 107008K, used 31977K [0x0000000702800000, 0x0000000709080000, 0x0000000780d80000)
  object space 107008K, 29% used [0x0000000702800000,0x000000070473a7d0,0x0000000709080000)
 Metaspace       used 22522K, capacity 23304K, committed 23424K, reserved 1069056K
  class space    used 2959K, capacity 3157K, committed 3200K, reserved 1048576K
Event: 12.554 GC heap after
Heap after GC invocations=4 (full 1):
 PSYoungGen      total 56832K, used 7649K [0x0000000780d80000, 0x0000000786e00000, 0x00000007c0000000)
  eden space 49152K, 0% used [0x0000000780d80000,0x0000000780d80000,0x0000000783d80000)
  from space 7680K, 99% used [0x0000000783d80000,0x00000007844f8470,0x0000000784500000)
  to   space 7680K, 0% used [0x0000000786680000,0x0000000786680000,0x0000000786e00000)
 ParOldGen       total 107008K, used 52482K [0x0000000702800000, 0x0000000709080000, 0x0000000780d80000)
  object space 107008K, 49% used [0x0000000702800000,0x0000000705b40810,0x0000000709080000)
 Metaspace       used 22522K, capacity 23304K, committed 23424K, reserved 1069056K
  class space    used 2959K, capacity 3157K, committed 3200K, reserved 1048576K
}
Event: 20.663 GC heap before
{Heap before GC invocations=5 (full 1):
 PSYoungGen      total 56832K, used 56801K [0x0000000780d80000, 0x0000000786e00000, 0x00000007c0000000)
  eden space 49152K, 100% used [0x0000000780d80000,0x0000000783d80000,0x0000000783d80000)
  from space 7680K, 99% used [0x0000000783d80000,0x00000007844f8470,0x0000000784500000)
  to   space 7680K, 0% used [0x0000000786680000,0x0000000786680000,0x0000000786e00000)
 ParOldGen       total 107008K, used 52482K [0x0000000702800000, 0x0000000709080000, 0x0000000780d80000)
  object space 107008K, 49% used [0x0000000702800000,0x0000000705b40810,0x0000000709080000)
 Metaspace       used 23777K, capacity 24686K, committed 24960K, reserved 1071104K
  class space    used 3158K, capacity 3394K, committed 3456K, reserved 1048576K
Event: 20.676 GC heap after
Heap after GC invocations=5 (full 1):
 PSYoungGen      total 56832K, used 7667K [0x0000000780d80000, 0x0000000786e00000, 0x00000007c0000000)
  eden space 49152K, 0% used [0x0000000780d80000,0x0000000780d80000,0x0000000783d80000)
  from space 7680K, 99% used [0x0000000786680000,0x0000000786dfcef8,0x0000000786e00000)
  to   space 7680K, 0% used [0x0000000783d80000,0x0000000783d80000,0x0000000784500000)
 ParOldGen       total 107008K, used 92895K [0x0000000702800000, 0x0000000709080000, 0x0000000780d80000)
  object space 107008K, 86% used [0x0000000702800000,0x00000007082b7eb8,0x0000000709080000)
 Metaspace       used 23777K, capacity 24686K, committed 24960K, reserved 1071104K
  class space    used 3158K, capacity 3394K, committed 3456K, reserved 1048576K
}
Event: 20.676 GC heap before
{Heap before GC invocations=6 (full 2):
 PSYoungGen      total 56832K, used 7667K [0x0000000780d80000, 0x0000000786e00000, 0x00000007c0000000)
  eden space 49152K, 0% used [0x0000000780d80000,0x0000000780d80000,0x0000000783d80000)
  from space 7680K, 99% used [0x0000000786680000,0x0000000786dfcef8,0x0000000786e00000)
  to   space 7680K, 0% used [0x0000000783d80000,0x0000000783d80000,0x0000000784500000)
 ParOldGen       total 107008K, used 92895K [0x0000000702800000, 0x0000000709080000, 0x0000000780d80000)
  object space 107008K, 86% used [0x0000000702800000,0x00000007082b7eb8,0x0000000709080000)
 Metaspace       used 23777K, capacity 24686K, committed 24960K, reserved 1071104K
  class space    used 3158K, capacity 3394K, committed 3456K, reserved 1048576K
Event: 20.733 GC heap after
Heap after GC invocations=6 (full 2):
 PSYoungGen      total 56832K, used 0K [0x0000000780d80000, 0x0000000786e00000, 0x00000007c0000000)
  eden space 49152K, 0% used [0x0000000780d80000,0x0000000780d80000,0x0000000783d80000)
  from space 7680K, 0% used [0x0000000786680000,0x0000000786680000,0x0000000786e00000)
  to   space 7680K, 0% used [0x0000000783d80000,0x0000000783d80000,0x0000000784500000)
 ParOldGen       total 107008K, used 96627K [0x0000000702800000, 0x0000000709080000, 0x0000000780d80000)
  object space 107008K, 90% used [0x0000000702800000,0x000000070865cc30,0x0000000709080000)
 Metaspace       used 23777K, capacity 24686K, committed 24960K, reserved 1071104K
  class space    used 3158K, capacity 3394K, committed 3456K, reserved 1048576K
}

Deoptimization events (10 events):
Event: 12.813 Thread 0x000000001d79b800 Uncommon trap: reason=bimorphic action=maybe_recompile pc=0x0000000003a08ef4 method=com.sun.javafx.css.CompoundSelector.applies(Ljavafx/css/Styleable;I[Ljava/util/Set;I)Z @ 94
Event: 12.813 Thread 0x000000001d79b800 Uncommon trap: reason=array_check action=maybe_recompile pc=0x0000000003a08fac method=com.sun.javafx.css.CompoundSelector.applies(Ljavafx/css/Styleable;[Ljava/util/Set;I)Z @ 128
Event: 12.813 Thread 0x000000001d79b800 Uncommon trap: reason=bimorphic action=maybe_recompile pc=0x0000000003a08ef4 method=com.sun.javafx.css.CompoundSelector.applies(Ljavafx/css/Styleable;I[Ljava/util/Set;I)Z @ 94
Event: 12.813 Thread 0x000000001d79b800 Uncommon trap: reason=array_check action=maybe_recompile pc=0x0000000003a08fac method=com.sun.javafx.css.CompoundSelector.applies(Ljavafx/css/Styleable;[Ljava/util/Set;I)Z @ 128
Event: 12.813 Thread 0x000000001d79b800 Uncommon trap: reason=bimorphic action=maybe_recompile pc=0x0000000003a08ef4 method=com.sun.javafx.css.CompoundSelector.applies(Ljavafx/css/Styleable;I[Ljava/util/Set;I)Z @ 94
Event: 12.813 Thread 0x000000001d79b800 Uncommon trap: reason=bimorphic action=maybe_recompile pc=0x0000000003a08ef4 method=com.sun.javafx.css.CompoundSelector.applies(Ljavafx/css/Styleable;I[Ljava/util/Set;I)Z @ 94
Event: 20.749 Thread 0x000000001d79b800 Uncommon trap: reason=unstable_if action=reinterpret pc=0x00000000038f750c method=java.io.WinNTFileSystem.normalize(Ljava/lang/String;)Ljava/lang/String; @ 74
Event: 20.869 Thread 0x000000001d79b800 Uncommon trap: reason=unstable_if action=reinterpret pc=0x0000000003a973bc method=java.lang.Math.round(D)J @ 48
Event: 20.875 Thread 0x000000001d79b800 Uncommon trap: reason=unstable_if action=reinterpret pc=0x0000000003a77c54 method=com.sun.javafx.geom.RectBounds.isEmpty()Z @ 21
Event: 25.411 Thread 0x000000001d79b800 Uncommon trap: reason=unstable_if action=reinterpret pc=0x0000000003a19ac0 method=javafx.scene.CssStyleHelper.getStyle(Ljavafx/css/Styleable;Ljava/lang/String;Lcom/sun/javafx/css/StyleMap;Ljava/util/Set;)Lcom/sun/javafx/css/CascadingStyle; @ 8

Internal exceptions (10 events):
Event: 0.401 Thread 0x000000001d79b800 Exception <a 'java/lang/ArrayIndexOutOfBoundsException'> (0x00000007826273a8) thrown at [C:\re\workspace\8-2-build-windows-amd64-cygwin\jdk8u60\4407\hotspot\src\share\vm\runtime\sharedRuntime.cpp, line 605]
Event: 0.401 Thread 0x000000001d79b800 Exception <a 'java/lang/ArrayIndexOutOfBoundsException'> (0x0000000782628f58) thrown at [C:\re\workspace\8-2-build-windows-amd64-cygwin\jdk8u60\4407\hotspot\src\share\vm\runtime\sharedRuntime.cpp, line 605]
Event: 0.496 Thread 0x000000001d79b800 Exception <a 'java/io/FileNotFoundException'> (0x0000000782d09e80) thrown at [C:\re\workspace\8-2-build-windows-amd64-cygwin\jdk8u60\4407\hotspot\src\share\vm\prims\jni.cpp, line 709]
Event: 0.531 Thread 0x000000001d79b800 Implicit null exception at 0x000000000341e635 to 0x000000000341e865
Event: 9.987 Thread 0x000000001d79b800 Implicit null exception at 0x0000000003421296 to 0x00000000034215ed
Event: 12.203 Thread 0x000000001d79b800 Exception <a 'java/lang/ArrayIndexOutOfBoundsException'> (0x000000078295a758) thrown at [C:\re\workspace\8-2-build-windows-amd64-cygwin\jdk8u60\4407\hotspot\src\share\vm\runtime\sharedRuntime.cpp, line 605]
Event: 12.313 Thread 0x000000001d79b800 Exception <a 'java/io/FileNotFoundException'> (0x0000000780d8acb0) thrown at [C:\re\workspace\8-2-build-windows-amd64-cygwin\jdk8u60\4407\hotspot\src\share\vm\prims\jni.cpp, line 709]
Event: 12.322 Thread 0x000000001d79b800 Exception <a 'java/io/FileNotFoundException'> (0x0000000780d9cb08) thrown at [C:\re\workspace\8-2-build-windows-amd64-cygwin\jdk8u60\4407\hotspot\src\share\vm\prims\jni.cpp, line 709]
Event: 25.407 Thread 0x000000001d79b800 Exception <a 'java/io/FileNotFoundException'> (0x000000078278b030) thrown at [C:\re\workspace\8-2-build-windows-amd64-cygwin\jdk8u60\4407\hotspot\src\share\vm\prims\jni.cpp, line 709]
Event: 25.407 Thread 0x000000001d79b800 Exception <a 'java/io/FileNotFoundException'> (0x000000078278c710) thrown at [C:\re\workspace\8-2-build-windows-amd64-cygwin\jdk8u60\4407\hotspot\src\share\vm\prims\jni.cpp, line 709]

Events (10 events):
Event: 25.434 loading class javafx/scene/input/InputMethodEvent
Event: 25.434 loading class javafx/scene/input/InputMethodEvent done
Event: 25.434 loading class com/sun/javafx/scene/control/skin/ComboBoxPopupControl
Event: 25.434 loading class com/sun/javafx/scene/control/skin/ComboBoxPopupControl done
Event: 25.434 loading class com/sun/javafx/scene/control/skin/ComboBoxPopupControl$1
Event: 25.434 loading class com/sun/javafx/scene/control/skin/ComboBoxPopupControl$1 done
Event: 25.434 loading class com/sun/javafx/scene/control/skin/ComboBoxPopupControl$3
Event: 25.434 loading class com/sun/javafx/scene/control/skin/ComboBoxPopupControl$3 done
Event: 25.434 loading class com/sun/javafx/scene/control/skin/DatePickerSkin$1
Event: 25.434 loading class com/sun/javafx/scene/control/skin/DatePickerSkin$1 done


Dynamic libraries:
0x00007ff710c70000 - 0x00007ff710ca7000 	C:\Program Files\Java\jdk1.8.0_60\bin\java.exe
0x00007ffcdcaf0000 - 0x00007ffcdcce8000 	C:\Windows\SYSTEM32\ntdll.dll
0x00007ffcdbf50000 - 0x00007ffcdc00f000 	C:\Windows\System32\KERNEL32.DLL
0x00007ffcda4b0000 - 0x00007ffcda78a000 	C:\Windows\System32\KERNELBASE.dll
0x00007ffcdbc70000 - 0x00007ffcdbd1e000 	C:\Windows\System32\ADVAPI32.dll
0x00007ffcdc200000 - 0x00007ffcdc29e000 	C:\Windows\System32\msvcrt.dll
0x00007ffcdb700000 - 0x00007ffcdb79c000 	C:\Windows\System32\sechost.dll
0x00007ffcdc0c0000 - 0x00007ffcdc1e6000 	C:\Windows\System32\RPCRT4.dll
0x00007ffcdbd20000 - 0x00007ffcdbebd000 	C:\Windows\System32\USER32.dll
0x00007ffcdab20000 - 0x00007ffcdab42000 	C:\Windows\System32\win32u.dll
0x00007ffcdc9d0000 - 0x00007ffcdc9fb000 	C:\Windows\System32\GDI32.dll
0x00007ffcda790000 - 0x00007ffcda8a0000 	C:\Windows\System32\gdi32full.dll
0x00007ffcda8a0000 - 0x00007ffcda93d000 	C:\Windows\System32\msvcp_win.dll
0x00007ffcda200000 - 0x00007ffcda300000 	C:\Windows\System32\ucrtbase.dll
0x00007ffcc4f40000 - 0x00007ffcc51da000 	C:\Windows\WinSxS\amd64_microsoft.windows.common-controls_6595b64144ccf1df_6.0.19041.1110_none_60b5254171f9507e\COMCTL32.dll
0x00007ffcdb7a0000 - 0x00007ffcdb7d0000 	C:\Windows\System32\IMM32.DLL
0x000000006d8a0000 - 0x000000006d972000 	C:\Program Files\Java\jdk1.8.0_60\jre\bin\msvcr100.dll
0x000000006d980000 - 0x000000006e209000 	C:\Program Files\Java\jdk1.8.0_60\jre\bin\server\jvm.dll
0x00007ffcdc9c0000 - 0x00007ffcdc9c8000 	C:\Windows\System32\PSAPI.DLL
0x00007ffcd4a30000 - 0x00007ffcd4a39000 	C:\Windows\SYSTEM32\WSOCK32.dll
0x00007ffcd3aa0000 - 0x00007ffcd3aaa000 	C:\Windows\SYSTEM32\VERSION.dll
0x00007ffcd5b30000 - 0x00007ffcd5b57000 	C:\Windows\SYSTEM32\WINMM.dll
0x00007ffcdbee0000 - 0x00007ffcdbf4b000 	C:\Windows\System32\WS2_32.dll
0x000000006d850000 - 0x000000006d85f000 	C:\Program Files\Java\jdk1.8.0_60\jre\bin\verify.dll
0x000000006d820000 - 0x000000006d849000 	C:\Program Files\Java\jdk1.8.0_60\jre\bin\java.dll
0x000000006d800000 - 0x000000006d816000 	C:\Program Files\Java\jdk1.8.0_60\jre\bin\zip.dll
0x00007ffcdac80000 - 0x00007ffcdb3c4000 	C:\Windows\System32\SHELL32.dll
0x00007ffcd82c0000 - 0x00007ffcd8a53000 	C:\Windows\SYSTEM32\windows.storage.dll
0x00007ffcdb8a0000 - 0x00007ffcdbbf4000 	C:\Windows\System32\combase.dll
0x00007ffcd9c60000 - 0x00007ffcd9c8e000 	C:\Windows\SYSTEM32\Wldp.dll
0x00007ffcdc010000 - 0x00007ffcdc0bd000 	C:\Windows\System32\SHCORE.dll
0x00007ffcdc460000 - 0x00007ffcdc4b5000 	C:\Windows\System32\shlwapi.dll
0x00007ffcda140000 - 0x00007ffcda15f000 	C:\Windows\SYSTEM32\profapi.dll
0x00007ffca7920000 - 0x00007ffca7a0f000 	C:\Program Files\Java\jdk1.8.0_60\jre\bin\msvcr120.dll
0x00007ffca7870000 - 0x00007ffca7916000 	C:\Program Files\Java\jdk1.8.0_60\jre\bin\msvcp120.dll
0x000000006c920000 - 0x000000006c943000 	C:\Program Files\Java\jdk1.8.0_60\jre\bin\prism_d3d.dll
0x00007ffcd1a80000 - 0x00007ffcd1c4d000 	C:\Windows\system32\d3d9.dll
0x00007ffcd80c0000 - 0x00007ffcd80d2000 	C:\Windows\SYSTEM32\kernel.appcore.dll
0x00007ffcd7dd0000 - 0x00007ffcd7dff000 	C:\Windows\SYSTEM32\dwmapi.dll
0x00007ffcd7b00000 - 0x00007ffcd7b9e000 	C:\Windows\system32\uxtheme.dll
0x00007ffca7a10000 - 0x00007ffca7b75000 	C:\Windows\System32\DriverStore\FileRepository\iigd_dch.inf_amd64_4b31d9b38e2bb506\igdumdim64.dll
0x00007ffcdab50000 - 0x00007ffcdac7a000 	C:\Windows\System32\ole32.dll
0x00007ffc63b10000 - 0x00007ffc6779b000 	C:\Windows\System32\DriverStore\FileRepository\iigd_dch.inf_amd64_4b31d9b38e2bb506\igd9dxva64.dll
0x00007ffcdb7d0000 - 0x00007ffcdb89d000 	C:\Windows\System32\OLEAUT32.dll
0x00007ffcdc550000 - 0x00007ffcdc9b8000 	C:\Windows\System32\SETUPAPI.dll
0x00007ffcda970000 - 0x00007ffcda9be000 	C:\Windows\System32\cfgmgr32.dll
0x00007ffcda940000 - 0x00007ffcda967000 	C:\Windows\System32\bcrypt.dll
0x00007ffccf5c0000 - 0x00007ffccf8f6000 	C:\Windows\System32\DriverStore\FileRepository\iigd_dch.inf_amd64_4b31d9b38e2bb506\igdgmm64.dll
0x000000006c8d0000 - 0x000000006c913000 	C:\Program Files\Java\jdk1.8.0_60\jre\bin\glass.dll
0x00007ffcdc380000 - 0x00007ffcdc45a000 	C:\Windows\System32\COMDLG32.dll
0x00007ffcdb3d0000 - 0x00007ffcdb4e4000 	C:\Windows\System32\MSCTF.dll
0x00007ffcda370000 - 0x00007ffcda3f2000 	C:\Windows\System32\bcryptPrimitives.dll
0x00007ffcc9100000 - 0x00007ffcc9127000 	C:\Windows\System32\DriverStore\FileRepository\iigd_dch.inf_amd64_4b31d9b38e2bb506\igdinfo64.dll
0x00007ffcd9bb0000 - 0x00007ffcd9bc8000 	C:\Windows\SYSTEM32\CRYPTSP.dll
0x00007ffcd9200000 - 0x00007ffcd9234000 	C:\Windows\system32\rsaenh.dll
0x00007ffcd9bd0000 - 0x00007ffcd9bdc000 	C:\Windows\SYSTEM32\CRYPTBASE.dll
0x00007ffccc830000 - 0x00007ffccf5bf000 	C:\Windows\System32\DriverStore\FileRepository\iigd_dch.inf_amd64_4b31d9b38e2bb506\igc64.dll
0x00007ffcd3260000 - 0x00007ffcd329b000 	C:\Windows\SYSTEM32\dxcore.dll
0x000000006c8b0000 - 0x000000006c8c4000 	C:\Program Files\Java\jdk1.8.0_60\jre\bin\javafx_font.dll
0x00007ffcc7790000 - 0x00007ffcc7a0f000 	C:\Windows\SYSTEM32\dwrite.dll
0x000000006c880000 - 0x000000006c8a3000 	C:\Program Files\Java\jdk1.8.0_60\jre\bin\javafx_iio.dll
0x00007ffcdca00000 - 0x00007ffcdcaa9000 	C:\Windows\System32\clbcatq.dll
0x00007ffcd4850000 - 0x00007ffcd4a04000 	C:\Windows\SYSTEM32\WindowsCodecs.dll
0x00007ffcc3fe0000 - 0x00007ffcc401e000 	C:\Windows\system32\dataexchange.dll
0x00007ffcd6310000 - 0x00007ffcd6573000 	C:\Windows\system32\d3d11.dll
0x00007ffcd6b40000 - 0x00007ffcd6d23000 	C:\Windows\system32\dcomp.dll
0x00007ffcd8ac0000 - 0x00007ffcd8bb3000 	C:\Windows\system32\dxgi.dll
0x00007ffcd4f80000 - 0x00007ffcd5180000 	C:\Windows\system32\twinapi.appcore.dll
0x00007ffcb2880000 - 0x00007ffcb28b4000 	C:\Program Files\Common Files\Microsoft Shared\Ink\rtscom.dll
0x00007ffcd1de0000 - 0x00007ffcd1ed9000 	C:\Windows\SYSTEM32\textinputframework.dll
0x00007ffcd70b0000 - 0x00007ffcd740e000 	C:\Windows\System32\CoreUIComponents.dll
0x00007ffcd7410000 - 0x00007ffcd7502000 	C:\Windows\System32\CoreMessaging.dll
0x00007ffcd5d50000 - 0x00007ffcd5ea4000 	C:\Windows\SYSTEM32\wintypes.dll
0x00007ffcd93b0000 - 0x00007ffcd93e3000 	C:\Windows\SYSTEM32\ntmarta.dll
0x000000006c860000 - 0x000000006c871000 	C:\Program Files\Java\jdk1.8.0_60\jre\bin\prism_common.dll
0x000000006d7e0000 - 0x000000006d7fa000 	C:\Program Files\Java\jdk1.8.0_60\jre\bin\net.dll
0x00007ffcd99c0000 - 0x00007ffcd9a2a000 	C:\Windows\system32\mswsock.dll
0x00007ffcd96b0000 - 0x00007ffcd977b000 	C:\Windows\SYSTEM32\DNSAPI.dll
0x00007ffcd9660000 - 0x00007ffcd969c000 	C:\Windows\SYSTEM32\IPHLPAPI.DLL
0x00007ffcdc1f0000 - 0x00007ffcdc1f8000 	C:\Windows\System32\NSI.dll
0x000000006e550000 - 0x000000006e576000 	C:\Program Files\Bonjour\mdnsNSP.dll
0x00007ffcd14e0000 - 0x00007ffcd14ea000 	C:\Windows\System32\rasadhlp.dll
0x00007ffccfba0000 - 0x00007ffccfc20000 	C:\Windows\System32\fwpuclnt.dll
0x00007ffcda0c0000 - 0x00007ffcda0ee000 	C:\Windows\SYSTEM32\USERENV.dll
0x00007ffcd3220000 - 0x00007ffcd3237000 	C:\Windows\SYSTEM32\dhcpcsvc6.DLL
0x00007ffcd3200000 - 0x00007ffcd321d000 	C:\Windows\SYSTEM32\dhcpcsvc.DLL
0x000000006d7c0000 - 0x000000006d7d1000 	C:\Program Files\Java\jdk1.8.0_60\jre\bin\nio.dll
0x000000006d620000 - 0x000000006d7b8000 	C:\Program Files\Java\jdk1.8.0_60\jre\bin\awt.dll
0x00007ffcd7780000 - 0x00007ffcd7810000 	C:\Windows\SYSTEM32\apphelp.dll

VM Arguments:
jvm_args: -Dfile.encoding=UTF-8 
java_command: pidevAuthAdmin.LoginAdminMain
java_class_path (initial): C:\Program Files\NetBeans 8.2\ide\modules\ext\mysql-connector-java-5.1.23-bin.jar;C:\Users\MediaStudio\Downloads\core-3.2.1.jar;C:\Users\MediaStudio\Documents\NetBeansProjects\Project_malek\poi-bin-5.2.3\poi-5.2.3.jar;C:\Users\MediaStudio\Documents\NetBeansProjects\Project_malek\poi-bin-5.2.3\poi-examples-5.2.3.jar;C:\Users\MediaStudio\Documents\NetBeansProjects\Project_malek\poi-bin-5.2.3\poi-excelant-5.2.3.jar;C:\Users\MediaStudio\Documents\NetBeansProjects\Project_malek\poi-bin-5.2.3\poi-javadoc-5.2.3.jar;C:\Users\MediaStudio\Documents\NetBeansProjects\Project_malek\poi-bin-5.2.3\poi-ooxml-5.2.3.jar;C:\Users\MediaStudio\Documents\NetBeansProjects\Project_malek\poi-bin-5.2.3\poi-ooxml-full-5.2.3.jar;C:\Users\MediaStudio\Documents\NetBeansProjects\Project_malek\poi-bin-5.2.3\poi-ooxml-lite-5.2.3.jar;C:\Users\MediaStudio\Documents\NetBeansProjects\Project_malek\poi-bin-5.2.3\poi-scratchpad-5.2.3.jar;C:\Users\MediaStudio\Documents\NetBeansProjects\Project_malek\controlsfx-8.40.15.jar;C:\Users\MediaStudio\Documents\NetBeansProjects\Project_malek\spring-security-crypto-5.8.1.jar;C:\Users\MediaStudio\Desktop\yy\javax.mail-1.6.2.jar;C:\Users\MediaStudio\Desktop\yy\javax.mail-api-1.6.2.jar;C:\Users\MediaStudio\Desktop\yy\javamail-1.4.4\lib\dsn.jar;C:\Users\MediaStudio\Desktop\yy\javamail-1.4.4\lib\imap.jar;C:\Users\MediaStudio\Desktop\yy\javamail-1.4.4\lib\mailapi.jar;C:\Users\MediaStudio\Desktop\yy\javamail-1.4.4\lib\pop3.jar;C:\Users\MediaStudio\Desktop\yy\javamail-1.4.4\lib\smtp.jar;C:\Users\MediaStudio\Documents\NetBeansProjects\Project_malek\miaoui\gson-2.10.1.jar;C:\Users\MediaStudio\Documents\NetBeansProjects\Project_malek\miaoui\itext-1.3.1.jar;C:\Users\MediaStudio\Documents\NetBeansProjects\Project_malek\miaoui\stripe-java-22.11.0.jar;C:\Users\MediaStudio\Documents\NetBeansProjects\Project_malek\miaoui\itextpdf-5.5.9.jar;C:\Users\MediaStudio\Documents\NetBeansProjects\Project_malek\TrayNotification-5393c3a54f.jar;C:\Users\MediaStudio\
Launcher Type: SUN_STANDARD

Environment Variables:
PATH=C:\oraclexe\app\oracle\product\11.2.0\server\bin;C:\ProgramData\Oracle\Java\javapath;C:\Program Files\Java\jdk1.8.0_60\bin;C:\Program Files (x86)\VMware\VMware Workstation\bin\;C:\Windows\system32;C:\Windows;C:\Windows\System32\Wbem;C:\Windows\System32\WindowsPowerShell\v1.0\;C:\Windows\System32\OpenSSH\;C:\Program Files\Git\cmd;C:\ProgramData\ComposerSetup\bin;C:\Program Files\nodejs\;C:\Users\MediaStudio\scoop\shims;C:\Users\MediaStudio\AppData\Local\Microsoft\WindowsApps;C:\xampp\php;C:\Users\MediaStudio\AppData\Local\Programs\Microsoft VS Code\bin;C:\Users\MediaStudio\AppData\Roaming\Composer\vendor\bin;C:\xampp\php;C:\Users\MediaStudio\AppData\Roaming\npm
USERNAME=MediaStudio
OS=Windows_NT
PROCESSOR_IDENTIFIER=Intel64 Family 6 Model 142 Stepping 12, GenuineIntel



---------------  S Y S T E M  ---------------

OS: Windows 10.0 , 64 bit Build 19041 (10.0.19041.2788)

CPU:total 8 (4 cores per cpu, 2 threads per core) family 6 model 142 stepping 12, cmov, cx8, fxsr, mmx, sse, sse2, sse3, ssse3, sse4.1, sse4.2, popcnt, avx, avx2, aes, clmul, erms, 3dnowpref, lzcnt, ht, tsc, tscinvbit, bmi1, bmi2, adx

Memory: 4k page, physical 12412604k(1660928k free), swap 12412604k(5408k free)

vm_info: Java HotSpot(TM) 64-Bit Server VM (25.60-b23) for windows-amd64 JRE (1.8.0_60-b27), built on Aug  4 2015 11:06:27 by "java_re" with MS VC++ 10.0 (VS2010)

time: Thu May 11 19:57:00 2023
elapsed time: 25 seconds (0d 0h 0m 25s)

